0 verbose cli /usr/local/bin/node /usr/local/bin/npm
1 info using npm@9.8.1
2 info using node@v18.18.0
3 timing npm:load:whichnode Completed in 2ms
4 timing config:load:defaults Completed in 2ms
5 timing config:load:file:/usr/local/lib/node_modules/npm/npmrc Completed in 1ms
6 timing config:load:builtin Completed in 1ms
7 timing config:load:cli Completed in 2ms
8 timing config:load:env Completed in 0ms
9 timing config:load:project Completed in 1ms
10 timing config:load:file:/home/container/.npmrc Completed in 1ms
11 timing config:load:user Completed in 1ms
12 timing config:load:file:/usr/local/etc/npmrc Completed in 60ms
13 timing config:load:global Completed in 60ms
14 timing config:load:setEnvs Completed in 1ms
15 timing config:load Completed in 69ms
16 timing npm:load:configload Completed in 70ms
17 timing config:load:flatten Completed in 4ms
18 timing npm:load:mkdirpcache Completed in 73ms
19 timing npm:load:mkdirplogs Completed in 1ms
20 verbose title npm i captcha-canvas
21 verbose argv "i" "captcha-canvas"
22 timing npm:load:setTitle Completed in 1ms
23 timing npm:load:display Completed in 1ms
24 verbose logfile logs-max:10 dir:/home/container/.npm/_logs/2023-09-26T18_26_45_592Z-
25 verbose logfile /home/container/.npm/_logs/2023-09-26T18_26_45_592Z-debug-0.log
26 timing npm:load:logFile Completed in 9ms
27 timing npm:load:timers Completed in 0ms
28 timing npm:load:configScope Completed in 0ms
29 timing npm:load Completed in 183ms
30 timing arborist:ctor Completed in 1ms
31 silly logfile start cleaning logs, removing 1 files
32 silly logfile done cleaning log files
33 timing idealTree:init Completed in 890ms
34 timing idealTree:userRequests Completed in 3ms
35 silly idealTree buildDeps
36 silly fetch manifest captcha-canvas@*
37 timing arborist:ctor Completed in 0ms
38 http fetch GET 200 https://registry.npmjs.org/captcha-canvas 1017ms (cache miss)
39 silly placeDep ROOT captcha-canvas@3.2.1 OK for: container@1.0.0 want: *
40 silly fetch manifest skia-canvas@^1.0.0
41 http fetch GET 200 https://registry.npmjs.org/skia-canvas 451ms (cache miss)
42 timing idealTree:#root Completed in 1479ms
43 silly placeDep ROOT skia-canvas@1.0.1 OK for: captcha-canvas@3.2.1 want: ^1.0.0
44 silly fetch manifest cargo-cp-artifact@^0.1
45 silly fetch manifest glob@^8.0.3
46 silly fetch manifest path-browserify@^1.0.1
47 silly fetch manifest simple-get@^4.0.1
48 silly fetch manifest string-split-by@^1.0.0
49 http fetch GET 200 https://registry.npmjs.org/string-split-by 50ms (cache miss)
50 http fetch GET 200 https://registry.npmjs.org/glob 53ms (cache revalidated)
51 http fetch GET 200 https://registry.npmjs.org/simple-get 60ms (cache revalidated)
52 http fetch GET 200 https://registry.npmjs.org/cargo-cp-artifact 355ms (cache miss)
53 http fetch GET 200 https://registry.npmjs.org/path-browserify 363ms (cache miss)
54 timing idealTree:node_modules/captcha-canvas Completed in 367ms
55 silly placeDep ROOT cargo-cp-artifact@0.1.8 OK for: skia-canvas@1.0.1 want: ^0.1
56 silly placeDep node_modules/skia-canvas glob@8.1.0 OK for: skia-canvas@1.0.1 want: ^8.0.3
57 silly fetch manifest minimatch@^5.0.1
58 silly placeDep ROOT path-browserify@1.0.1 OK for: skia-canvas@1.0.1 want: ^1.0.1
59 silly placeDep node_modules/skia-canvas simple-get@4.0.1 OK for: skia-canvas@1.0.1 want: ^4.0.1
60 silly fetch manifest decompress-response@^6.0.0
61 silly placeDep ROOT string-split-by@1.0.0 OK for: skia-canvas@1.0.1 want: ^1.0.0
62 silly fetch manifest parenthesis@^3.1.5
63 http fetch GET 200 https://registry.npmjs.org/minimatch 83ms (cache revalidated)
64 http fetch GET 200 https://registry.npmjs.org/parenthesis 358ms (cache miss)
65 http fetch GET 200 https://registry.npmjs.org/decompress-response 383ms (cache revalidated)
66 timing idealTree:node_modules/skia-canvas Completed in 400ms
67 timing idealTree:node_modules/cargo-cp-artifact Completed in 0ms
68 timing idealTree:node_modules/path-browserify Completed in 0ms
69 silly placeDep ROOT parenthesis@3.1.8 OK for: string-split-by@1.0.0 want: ^3.1.5
70 timing idealTree:node_modules/string-split-by Completed in 3ms
71 timing idealTree:node_modules/parenthesis Completed in 0ms
72 silly placeDep node_modules/skia-canvas minimatch@5.1.6 OK for: glob@8.1.0 want: ^5.0.1
73 silly fetch manifest brace-expansion@^2.0.1
74 http fetch GET 200 https://registry.npmjs.org/brace-expansion 45ms (cache revalidated)
75 timing idealTree:node_modules/skia-canvas/node_modules/glob Completed in 51ms
76 silly placeDep node_modules/skia-canvas brace-expansion@2.0.1 OK for: minimatch@5.1.6 want: ^2.0.1
77 timing idealTree:node_modules/skia-canvas/node_modules/minimatch Completed in 2ms
78 timing idealTree:node_modules/skia-canvas/node_modules/brace-expansion Completed in 1ms
79 silly placeDep node_modules/skia-canvas decompress-response@6.0.0 OK for: simple-get@4.0.1 want: ^6.0.0
80 silly fetch manifest mimic-response@^3.1.0
81 http fetch GET 200 https://registry.npmjs.org/mimic-response 351ms (cache revalidated)
82 timing idealTree:node_modules/skia-canvas/node_modules/simple-get Completed in 354ms
83 silly placeDep node_modules/skia-canvas mimic-response@3.1.0 OK for: decompress-response@6.0.0 want: ^3.1.0
84 timing idealTree:node_modules/skia-canvas/node_modules/decompress-response Completed in 3ms
85 timing idealTree:node_modules/skia-canvas/node_modules/mimic-response Completed in 0ms
86 timing idealTree:buildDeps Completed in 2663ms
87 timing idealTree:fixDepFlags Completed in 6ms
88 timing idealTree Completed in 3567ms
89 timing reify:loadTrees Completed in 3568ms
90 timing reify:diffTrees Completed in 8ms
91 silly reify moves {}
92 timing reify:retireShallow Completed in 1ms
93 timing reify:createSparse Completed in 118ms
94 timing reify:loadBundles Completed in 0ms
95 silly audit bulk request {
95 silly audit   '@aws-crypto/crc32': [ '3.0.0' ],
95 silly audit   tslib: [ '1.14.1', '2.6.2' ],
95 silly audit   '@aws-crypto/ie11-detection': [ '3.0.0' ],
95 silly audit   '@aws-crypto/sha256-browser': [ '3.0.0' ],
95 silly audit   '@aws-crypto/sha256-js': [ '3.0.0' ],
95 silly audit   '@aws-crypto/supports-web-crypto': [ '3.0.0' ],
95 silly audit   '@aws-crypto/util': [ '3.0.0' ],
95 silly audit   '@aws-sdk/client-cognito-identity': [ '3.418.0' ],
95 silly audit   '@aws-sdk/client-sso': [ '3.418.0' ],
95 silly audit   '@aws-sdk/client-sts': [ '3.418.0' ],
95 silly audit   '@aws-sdk/credential-provider-cognito-identity': [ '3.418.0' ],
95 silly audit   '@aws-sdk/credential-provider-env': [ '3.418.0' ],
95 silly audit   '@aws-sdk/credential-provider-ini': [ '3.418.0' ],
95 silly audit   '@aws-sdk/credential-provider-node': [ '3.418.0' ],
95 silly audit   '@aws-sdk/credential-provider-process': [ '3.418.0' ],
95 silly audit   '@aws-sdk/credential-provider-sso': [ '3.418.0' ],
95 silly audit   '@aws-sdk/credential-provider-web-identity': [ '3.418.0' ],
95 silly audit   '@aws-sdk/credential-providers': [ '3.418.0' ],
95 silly audit   '@aws-sdk/middleware-host-header': [ '3.418.0' ],
95 silly audit   '@aws-sdk/middleware-logger': [ '3.418.0' ],
95 silly audit   '@aws-sdk/middleware-recursion-detection': [ '3.418.0' ],
95 silly audit   '@aws-sdk/middleware-sdk-sts': [ '3.418.0' ],
95 silly audit   '@aws-sdk/middleware-signing': [ '3.418.0' ],
95 silly audit   '@aws-sdk/middleware-user-agent': [ '3.418.0' ],
95 silly audit   '@aws-sdk/region-config-resolver': [ '3.418.0' ],
95 silly audit   '@aws-sdk/token-providers': [ '3.418.0' ],
95 silly audit   '@aws-sdk/types': [ '3.418.0' ],
95 silly audit   '@aws-sdk/util-endpoints': [ '3.418.0' ],
95 silly audit   '@aws-sdk/util-locate-window': [ '3.310.0' ],
95 silly audit   '@aws-sdk/util-user-agent-browser': [ '3.418.0' ],
95 silly audit   '@aws-sdk/util-user-agent-node': [ '3.418.0' ],
95 silly audit   '@aws-sdk/util-utf8-browser': [ '3.259.0' ],
95 silly audit   '@babel/runtime': [ '7.23.1' ],
95 silly audit   '@derockdev/discord-components-core': [ '3.6.1' ],
95 silly audit   '@derockdev/discord-components-react': [ '3.6.1' ],
95 silly audit   '@discordjs/builders': [ '1.6.5' ],
95 silly audit   '@discordjs/collection': [ '1.5.3' ],
95 silly audit   '@discordjs/formatters': [ '0.3.2' ],
95 silly audit   '@discordjs/rest': [ '2.0.1' ],
95 silly audit   '@discordjs/util': [ '1.0.1' ],
95 silly audit   '@discordjs/ws': [ '1.0.1' ],
95 silly audit   '@iamtraction/google-translate': [ '2.0.1' ],
95 silly audit   '@mapbox/node-pre-gyp': [ '1.0.11' ],
95 silly audit   'node-fetch': [ '2.7.0', '2.6.7', '3.3.2' ],
95 silly audit   tr46: [ '0.0.3', '3.0.0' ],
95 silly audit   'webidl-conversions': [ '3.0.1', '7.0.0' ],
95 silly audit   'whatwg-url': [ '5.0.0', '11.0.0' ],
95 silly audit   '@mongodb-js/saslprep': [ '1.1.0' ],
95 silly audit   '@napi-rs/canvas': [ '0.1.44' ],
95 silly audit   '@napi-rs/canvas-android-arm64': [ '0.1.44' ],
95 silly audit   '@napi-rs/canvas-darwin-arm64': [ '0.1.44' ],
95 silly audit   '@napi-rs/canvas-darwin-x64': [ '0.1.44' ],
95 silly audit   '@napi-rs/canvas-linux-arm-gnueabihf': [ '0.1.44' ],
95 silly audit   '@napi-rs/canvas-linux-arm64-gnu': [ '0.1.44' ],
95 silly audit   '@napi-rs/canvas-linux-arm64-musl': [ '0.1.44' ],
95 silly audit   '@napi-rs/canvas-linux-x64-gnu': [ '0.1.44' ],
95 silly audit   '@napi-rs/canvas-linux-x64-musl': [ '0.1.44' ],
95 silly audit   '@napi-rs/canvas-win32-x64-msvc': [ '0.1.44' ],
95 silly audit   '@sapphire/async-queue': [ '1.5.0' ],
95 silly audit   '@sapphire/shapeshift': [ '3.9.2' ],
95 silly audit   '@sapphire/snowflake': [ '3.5.1' ],
95 silly audit   '@skyra/gifenc': [ '1.0.1' ],
95 silly audit   '@smithy/abort-controller': [ '2.0.9' ],
95 silly audit   '@smithy/config-resolver': [ '2.0.10' ],
95 silly audit   '@smithy/credential-provider-imds': [ '2.0.12' ],
95 silly audit   '@smithy/eventstream-codec': [ '2.0.9' ],
95 silly audit   '@smithy/fetch-http-handler': [ '2.1.5' ],
95 silly audit   '@smithy/hash-node': [ '2.0.9' ],
95 silly audit   '@smithy/invalid-dependency': [ '2.0.9' ],
95 silly audit   '@smithy/is-array-buffer': [ '2.0.0' ],
95 silly audit   '@smithy/middleware-content-length': [ '2.0.11' ],
95 silly audit   '@smithy/middleware-endpoint': [ '2.0.9' ],
95 silly audit   '@smithy/middleware-retry': [ '2.0.12' ],
95 silly audit   '@smithy/middleware-serde': [ '2.0.9' ],
95 silly audit   '@smithy/middleware-stack': [ '2.0.3' ],
95 silly audit   '@smithy/node-config-provider': [ '2.0.12' ],
95 silly audit   '@smithy/node-http-handler': [ '2.1.5' ],
95 silly audit   '@smithy/property-provider': [ '2.0.10' ],
95 silly audit   '@smithy/protocol-http': [ '3.0.5' ],
95 silly audit   '@smithy/querystring-builder': [ '2.0.9' ],
95 silly audit   '@smithy/querystring-parser': [ '2.0.9' ],
95 silly audit   '@smithy/service-error-classification': [ '2.0.2' ],
95 silly audit   '@smithy/shared-ini-file-loader': [ '2.0.11' ],
95 silly audit   '@smithy/signature-v4': [ '2.0.9' ],
95 silly audit   '@smithy/smithy-client': [ '2.1.7' ],
95 silly audit   '@smithy/types': [ '2.3.3' ],
95 silly audit   '@smithy/url-parser': [ '2.0.9' ],
95 silly audit   '@smithy/util-base64': [ '2.0.0' ],
95 silly audit   '@smithy/util-body-length-browser': [ '2.0.0' ],
95 silly audit   '@smithy/util-body-length-node': [ '2.1.0' ],
95 silly audit   '@smithy/util-buffer-from': [ '2.0.0' ],
95 silly audit   '@smithy/util-config-provider': [ '2.0.0' ],
95 silly audit   '@smithy/util-defaults-mode-browser': [ '2.0.11' ],
95 silly audit   '@smithy/util-defaults-mode-node': [ '2.0.13' ],
95 silly audit   '@smithy/util-hex-encoding': [ '2.0.0' ],
95 silly audit   '@smithy/util-middleware': [ '2.0.2' ],
95 silly audit   '@smithy/util-retry': [ '2.0.2' ],
95 silly audit   '@smithy/util-stream': [ '2.0.12' ],
95 silly audit   '@smithy/util-uri-escape': [ '2.0.0' ],
95 silly audit   '@smithy/util-utf8': [ '2.0.0' ],
95 silly audit   '@stencil/core': [ '3.4.2' ],
95 silly audit   '@types/node': [ '20.7.0', '18.18.0' ],
95 silly audit   '@types/prop-types': [ '15.7.7' ],
95 silly audit   '@types/react': [ '18.2.23' ],
95 silly audit   '@types/scheduler': [ '0.16.4' ],
95 silly audit   '@types/webidl-conversions': [ '7.0.1' ],
95 silly audit   '@types/whatwg-url': [ '8.2.2' ],
95 silly audit   '@types/ws': [ '8.5.6' ],
95 silly audit   '@vladfrangu/async_event_emitter': [ '2.2.2' ],
95 silly audit   abbrev: [ '1.1.1' ],
95 silly audit   'agent-base': [ '6.0.2' ],
95 silly audit   'ansi-regex': [ '5.0.1' ],
95 silly audit   aproba: [ '2.0.0' ],
95 silly audit   'are-we-there-yet': [ '2.0.0' ],
95 silly audit   asap: [ '2.0.6' ],
95 silly audit   'ascii-table': [ '0.0.9' ],
95 silly audit   asynckit: [ '0.4.0' ],
95 silly audit   axios: [ '1.5.1' ],
95 silly audit   'balanced-match': [ '1.0.2' ],
95 silly audit   'base64-js': [ '1.5.1' ],
95 silly audit   'better-sqlite3': [ '8.6.0' ],
95 silly audit   bindings: [ '1.5.0' ],
95 silly audit   biskviit: [ '1.0.1' ],
95 silly audit   bl: [ '4.1.0' ],
95 silly audit   bowser: [ '2.11.0' ],
95 silly audit   'brace-expansion': [ '1.1.11', '2.0.1' ],
95 silly audit   bson: [ '4.7.2', '6.1.0' ],
95 silly audit   buffer: [ '5.7.1' ],
95 silly audit   busboy: [ '1.6.0' ],
95 silly audit   'call-bind': [ '1.0.2' ],
95 silly audit   canvacord: [ '5.4.10' ],
95 silly audit   canvas: [ '2.11.2' ],
95 silly audit   chalk: [ '5.3.0' ],
95 silly audit   chownr: [ '2.0.0', '1.1.4' ],
95 silly audit   clsx: [ '1.2.1' ],
95 silly audit   'color-support': [ '1.1.3' ],
95 silly audit   'combined-stream': [ '1.0.8' ],
95 silly audit   'complex.js': [ '2.1.1' ],
95 silly audit   'component-emitter': [ '1.3.0' ],
95 silly audit   'concat-map': [ '0.0.1' ],
95 silly audit   'console-control-strings': [ '1.1.0' ],
95 silly audit   cookiejar: [ '2.1.4' ],
95 silly audit   'cpu-stat': [ '2.0.1' ],
95 silly audit   'cross-fetch': [ '3.1.8' ],
95 silly audit   csstype: [ '3.1.2' ],
95 silly audit   'data-uri-to-buffer': [ '4.0.1' ],
95 silly audit   debug: [ '4.3.4' ],
95 silly audit   ms: [ '2.1.2', '2.1.3' ],
95 silly audit   'decimal.js': [ '10.4.3' ],
95 silly audit   'decompress-response': [ '4.2.1', '6.0.0' ],
95 silly audit   'deep-extend': [ '0.6.0' ],
95 silly audit   'delayed-stream': [ '1.0.0' ],
95 silly audit   delegates: [ '1.0.0' ],
95 silly audit   'detect-libc': [ '2.0.2' ],
95 silly audit   dezalgo: [ '1.0.4' ],
95 silly audit   'discord-api-types': [ '0.37.50' ],
95 silly audit   'discord-arts': [ '0.4.0' ],
95 silly audit   'discord-gamecord': [ '4.4.1' ],
95 silly audit   'discord-html-transcripts': [ '3.2.0' ],
95 silly audit   undici: [ '5.25.2', '5.22.1' ],
95 silly audit   'discord-logs': [ '2.2.1' ],
95 silly audit   'discord-markdown-parser': [ '1.1.0' ],
95 silly audit   'discord.js': [ '14.13.0' ],
95 silly audit   dotenv: [ '16.3.1' ],
95 silly audit   'emoji-aware': [ '3.1.0' ],
95 silly audit   'emoji-regex': [ '8.0.0' ],
95 silly audit   encoding: [ '0.1.12' ],
95 silly audit   'end-of-stream': [ '1.4.4' ],
95 silly audit   'escape-latex': [ '1.2.0' ],
95 silly audit   'expand-template': [ '2.0.3' ],
95 silly audit   'fast-deep-equal': [ '3.1.3' ],
95 silly audit   'fast-safe-stringify': [ '2.1.1' ],
95 silly audit   'fast-xml-parser': [ '4.2.5' ],
95 silly audit   fetch: [ '1.1.0' ],
95 silly audit   'fetch-blob': [ '3.2.0' ],
95 silly audit   'file-uri-to-path': [ '1.0.0' ],
95 silly audit   'follow-redirects': [ '1.15.3' ],
95 silly audit   'form-data': [ '4.0.0' ],
95 silly audit   'formdata-polyfill': [ '4.0.10' ],
95 silly audit   formidable: [ '2.1.2' ],
95 silly audit   'fraction.js': [ '4.3.4' ],
95 silly audit   fs: [ '0.0.1-security' ],
95 silly audit   'fs-constants': [ '1.0.0' ],
95 silly audit   'fs-extra': [ '8.1.0' ],
95 silly audit   jsonfile: [ '4.0.0', '5.0.0' ],
95 silly audit   'fs-minipass': [ '2.1.0' ],
95 silly audit   minipass: [ '3.3.6', '5.0.0' ],
95 silly audit   'fs.realpath': [ '1.0.0' ],
95 silly audit   'function-bind': [ '1.1.1' ],
95 silly audit   gauge: [ '3.0.2' ],
95 silly audit   'get-intrinsic': [ '1.2.1' ],
95 silly audit   'github-from-package': [ '0.0.0' ],
95 silly audit   glob: [ '7.2.3', '8.1.0' ],
95 silly audit   'graceful-fs': [ '4.2.11' ],
95 silly audit   has: [ '1.0.3' ],
95 silly audit   'has-proto': [ '1.0.1' ],
95 silly audit   'has-symbols': [ '1.0.3' ],
95 silly audit   'has-unicode': [ '2.0.1' ],
95 silly audit   'hex-to-rgba': [ '2.0.1' ],
95 silly audit   hexoid: [ '1.0.0' ],
95 silly audit   'highlight.js': [ '11.8.0' ],
95 silly audit   'html-entities': [ '2.4.0' ],
95 silly audit   'https-proxy-agent': [ '5.0.1' ],
95 silly audit   'iconv-lite': [ '0.4.24' ],
95 silly audit   ieee754: [ '1.2.1' ],
95 silly audit   inflight: [ '1.0.6' ],
95 silly audit   inherits: [ '2.0.4' ],
95 silly audit   ini: [ '1.3.8' ],
95 silly audit   ip: [ '2.0.0' ],
95 silly audit   'is-fullwidth-code-point': [ '3.0.0' ],
95 silly audit   'javascript-natural-sort': [ '0.7.1' ],
95 silly audit   'javascript-stringify': [ '2.1.0' ],
95 silly audit   'js-tokens': [ '4.0.0' ],
95 silly audit   kareem: [ '2.5.1' ],
95 silly audit   lodash: [ '4.17.21' ],
95 silly audit   'lodash.flattendeep': [ '4.4.0' ],
95 silly audit   'lodash.snakecase': [ '4.1.1' ],
95 silly audit   'loose-envify': [ '1.4.0' ],
95 silly audit   'lru-cache': [ '6.0.0' ],
95 silly audit   'magic-bytes.js': [ '1.0.19' ],
95 silly audit   'make-dir': [ '3.1.0' ],
95 silly audit   semver: [ '6.3.1', '7.5.4' ],
95 silly audit   mathjs: [ '11.11.1' ],
95 silly audit   'memory-pager': [ '1.5.0' ],
95 silly audit   methods: [ '1.1.2' ],
95 silly audit   mime: [ '2.6.0' ],
95 silly audit   'mime-db': [ '1.52.0' ],
95 silly audit   'mime-types': [ '2.1.35' ],
95 silly audit   'mimic-response': [ '2.1.0', '3.1.0' ],
95 silly audit   minimatch: [ '3.1.2', '5.1.6' ],
95 silly audit   minimist: [ '1.2.8' ],
95 silly audit   minizlib: [ '2.1.2' ],
95 silly audit   mkdirp: [ '1.0.4' ],
95 silly audit   'mkdirp-classic': [ '0.5.3' ],
95 silly audit   moment: [ '2.29.4' ],
95 silly audit   'moment-duration-format': [ '2.3.2' ],
95 silly audit   mongodb: [ '6.1.0', '4.17.1' ],
95 silly audit   'mongodb-connection-string-url': [ '2.6.0' ],
95 silly audit   mongoose: [ '6.12.0' ],
95 silly audit   mpath: [ '0.9.0' ],
95 silly audit   mquery: [ '4.0.3' ],
95 silly audit   nan: [ '2.18.0' ],
95 silly audit   'napi-build-utils': [ '1.0.2' ],
95 silly audit   'node-abi': [ '3.47.0' ],
95 silly audit   'node-domexception': [ '1.0.0' ],
95 silly audit   nopt: [ '5.0.0' ],
95 silly audit   npmlog: [ '5.0.1' ],
95 silly audit   'object-assign': [ '4.1.1' ],
95 silly audit   'object-inspect': [ '1.12.3' ],
95 silly audit   once: [ '1.4.0' ],
95 silly audit   os: [ '0.1.2' ],
95 silly audit   parsimmon: [ '1.18.1' ],
95 silly audit   'path-is-absolute': [ '1.0.1' ],
95 silly audit   'prebuild-install': [ '7.1.1' ],
95 silly audit   'simple-get': [ '4.0.1', '3.1.1' ],
95 silly audit   'proxy-from-env': [ '1.1.0' ],
95 silly audit   psl: [ '1.9.0' ],
95 silly audit   pump: [ '3.0.0' ],
95 silly audit   punycode: [ '2.3.0' ],
95 silly audit   qs: [ '6.11.2' ],
95 silly audit   'quick.db': [ '9.1.7' ],
95 silly audit   'quickchart-js': [ '3.1.3' ],
95 silly audit   rc: [ '1.2.8' ],
95 silly audit   react: [ '18.2.0' ],
95 silly audit   'react-dom': [ '18.2.0' ],
95 silly audit   'readable-stream': [ '3.6.2' ],
95 silly audit   'regenerator-runtime': [ '0.14.0' ],
95 silly audit   rimraf: [ '3.0.2' ],
95 silly audit   'safe-buffer': [ '5.2.1' ],
95 silly audit   'safer-buffer': [ '2.1.2' ],
95 silly audit   scheduler: [ '0.23.0' ],
95 silly audit   seedrandom: [ '3.0.5' ],
95 silly audit   'set-blocking': [ '2.0.0' ],
95 silly audit   'side-channel': [ '1.0.4' ],
95 silly audit   sift: [ '16.0.1' ],
95 silly audit   'signal-exit': [ '3.0.7' ],
95 silly audit   'simple-concat': [ '1.0.1' ],
95 silly audit   'simple-markdown': [ '0.7.3' ],
95 silly audit   'smart-buffer': [ '4.2.0' ],
95 silly audit   socks: [ '2.7.1' ],
95 silly audit   'sparse-bitfield': [ '3.0.3' ],
95 silly audit   streamsearch: [ '1.1.0' ],
95 silly audit   string_decoder: [ '1.3.0' ],
95 silly audit   'string-width': [ '4.2.3' ],
95 silly audit   'strip-ansi': [ '6.0.1' ],
95 silly audit   'strip-json-comments': [ '2.0.1' ],
95 silly audit   strnum: [ '1.0.5' ],
95 silly audit   superagent: [ '8.1.2' ],
95 silly audit   tar: [ '6.2.0' ],
95 silly audit   'tar-fs': [ '2.1.1' ],
95 silly audit   'tar-stream': [ '2.2.0' ],
95 silly audit   'tiny-emitter': [ '2.1.0' ],
95 silly audit   'ts-mixer': [ '6.0.3' ],
95 silly audit   'tunnel-agent': [ '0.6.0' ],
95 silly audit   twemoji: [ '14.0.2' ],
95 silly audit   'twemoji-parser': [ '14.0.0' ],
95 silly audit   'typed-function': [ '4.1.1' ],
95 silly audit   universalify: [ '0.1.2' ],
95 silly audit   'util-deprecate': [ '1.0.2' ],
95 silly audit   uuid: [ '8.3.2' ],
95 silly audit   'web-streams-polyfill': [ '3.2.1' ],
95 silly audit   'wide-align': [ '1.1.5' ],
95 silly audit   wrappy: [ '1.0.2' ],
95 silly audit   ws: [ '8.14.2' ],
95 silly audit   yallist: [ '4.0.0' ],
95 silly audit   'captcha-canvas': [ '3.2.1' ],
95 silly audit   'skia-canvas': [ '1.0.1' ],
95 silly audit   'cargo-cp-artifact': [ '0.1.8' ],
95 silly audit   'path-browserify': [ '1.0.1' ],
95 silly audit   'string-split-by': [ '1.0.0' ],
95 silly audit   parenthesis: [ '3.1.8' ]
95 silly audit }
96 verbose reify failed optional dependency /home/container/node_modules/@napi-rs/canvas-win32-x64-msvc
97 silly reify mark deleted [ '/home/container/node_modules/@napi-rs/canvas-win32-x64-msvc' ]
98 verbose reify failed optional dependency /home/container/node_modules/@napi-rs/canvas-linux-arm64-musl
99 silly reify mark deleted [ '/home/container/node_modules/@napi-rs/canvas-linux-arm64-musl' ]
100 verbose reify failed optional dependency /home/container/node_modules/@napi-rs/canvas-linux-arm64-gnu
101 silly reify mark deleted [ '/home/container/node_modules/@napi-rs/canvas-linux-arm64-gnu' ]
102 verbose reify failed optional dependency /home/container/node_modules/@napi-rs/canvas-linux-arm-gnueabihf
103 silly reify mark deleted [ '/home/container/node_modules/@napi-rs/canvas-linux-arm-gnueabihf' ]
104 verbose reify failed optional dependency /home/container/node_modules/@napi-rs/canvas-darwin-x64
105 silly reify mark deleted [ '/home/container/node_modules/@napi-rs/canvas-darwin-x64' ]
106 verbose reify failed optional dependency /home/container/node_modules/@napi-rs/canvas-darwin-arm64
107 silly reify mark deleted [ '/home/container/node_modules/@napi-rs/canvas-darwin-arm64' ]
108 verbose reify failed optional dependency /home/container/node_modules/@napi-rs/canvas-android-arm64
109 silly reify mark deleted [ '/home/container/node_modules/@napi-rs/canvas-android-arm64' ]
110 timing reifyNode:node_modules/@napi-rs/canvas-win32-x64-msvc Completed in 9ms
111 timing reifyNode:node_modules/@napi-rs/canvas-linux-arm64-musl Completed in 8ms
112 timing reifyNode:node_modules/@napi-rs/canvas-linux-arm64-gnu Completed in 8ms
113 timing reifyNode:node_modules/@napi-rs/canvas-linux-arm-gnueabihf Completed in 8ms
114 timing reifyNode:node_modules/@napi-rs/canvas-darwin-x64 Completed in 8ms
115 timing reifyNode:node_modules/@napi-rs/canvas-darwin-arm64 Completed in 8ms
116 timing reifyNode:node_modules/@napi-rs/canvas-android-arm64 Completed in 8ms
117 silly tarball no local data for parenthesis@https://registry.npmjs.org/parenthesis/-/parenthesis-3.1.8.tgz. Extracting by manifest.
118 silly tarball no local data for string-split-by@https://registry.npmjs.org/string-split-by/-/string-split-by-1.0.0.tgz. Extracting by manifest.
119 silly tarball no local data for cargo-cp-artifact@https://registry.npmjs.org/cargo-cp-artifact/-/cargo-cp-artifact-0.1.8.tgz. Extracting by manifest.
120 silly tarball no local data for skia-canvas@https://registry.npmjs.org/skia-canvas/-/skia-canvas-1.0.1.tgz. Extracting by manifest.
121 silly tarball no local data for path-browserify@https://registry.npmjs.org/path-browserify/-/path-browserify-1.0.1.tgz. Extracting by manifest.
122 silly tarball no local data for captcha-canvas@https://registry.npmjs.org/captcha-canvas/-/captcha-canvas-3.2.1.tgz. Extracting by manifest.
123 silly tarball no local data for brace-expansion@https://registry.npmjs.org/brace-expansion/-/brace-expansion-2.0.1.tgz. Extracting by manifest.
124 silly tarball no local data for minimatch@https://registry.npmjs.org/minimatch/-/minimatch-5.1.6.tgz. Extracting by manifest.
125 silly tarball no local data for glob@https://registry.npmjs.org/glob/-/glob-8.1.0.tgz. Extracting by manifest.
126 http fetch POST 200 https://registry.npmjs.org/-/npm/v1/security/advisories/bulk 893ms
127 timing auditReport:getReport Completed in 900ms
128 silly audit report {}
129 timing auditReport:init Completed in 0ms
130 timing reify:audit Completed in 900ms
131 timing reifyNode:node_modules/skia-canvas/node_modules/mimic-response Completed in 908ms
132 timing reifyNode:node_modules/skia-canvas/node_modules/decompress-response Completed in 908ms
133 timing reifyNode:node_modules/skia-canvas/node_modules/simple-get Completed in 1000ms
134 http fetch GET 200 https://registry.npmjs.org/cargo-cp-artifact/-/cargo-cp-artifact-0.1.8.tgz 912ms (cache miss)
135 timing reifyNode:node_modules/cargo-cp-artifact Completed in 1004ms
136 http fetch GET 200 https://registry.npmjs.org/parenthesis/-/parenthesis-3.1.8.tgz 914ms (cache miss)
137 timing reifyNode:node_modules/parenthesis Completed in 1005ms
138 http fetch GET 200 https://registry.npmjs.org/string-split-by/-/string-split-by-1.0.0.tgz 915ms (cache miss)
139 timing reifyNode:node_modules/string-split-by Completed in 1006ms
140 http fetch GET 200 https://registry.npmjs.org/brace-expansion/-/brace-expansion-2.0.1.tgz 991ms (cache miss)
141 timing reifyNode:node_modules/skia-canvas/node_modules/brace-expansion Completed in 1086ms
142 http fetch GET 200 https://registry.npmjs.org/minimatch/-/minimatch-5.1.6.tgz 996ms (cache miss)
143 timing reifyNode:node_modules/skia-canvas/node_modules/minimatch Completed in 1091ms
144 http fetch GET 200 https://registry.npmjs.org/glob/-/glob-8.1.0.tgz 998ms (cache miss)
145 timing reifyNode:node_modules/skia-canvas/node_modules/glob Completed in 1095ms
146 http fetch GET 200 https://registry.npmjs.org/path-browserify/-/path-browserify-1.0.1.tgz 1004ms (cache miss)
147 timing reifyNode:node_modules/path-browserify Completed in 1097ms
148 http fetch GET 200 https://registry.npmjs.org/skia-canvas/-/skia-canvas-1.0.1.tgz 1009ms (cache miss)
149 timing reifyNode:node_modules/skia-canvas Completed in 1100ms
150 http fetch GET 200 https://registry.npmjs.org/captcha-canvas/-/captcha-canvas-3.2.1.tgz 1298ms (cache miss)
151 timing reifyNode:node_modules/captcha-canvas Completed in 1391ms
152 timing reifyNode:node_modules/@napi-rs/canvas-linux-x64-musl Completed in 1482ms
153 timing reify:unpack Completed in 1484ms
154 timing reify:unretire Completed in 1ms
155 timing build:queue Completed in 2ms
156 timing build:link:node_modules/cargo-cp-artifact Completed in 2ms
157 timing build:link Completed in 2ms
158 info run @napi-rs/canvas-linux-x64-musl@0.1.44 install node_modules/@napi-rs/canvas-linux-x64-musl node install.js
159 info run skia-canvas@1.0.1 install node_modules/skia-canvas node-pre-gyp install || npm run build -- --release
160 info run @napi-rs/canvas-linux-x64-musl@0.1.44 install { code: 1, signal: null }
161 verbose reify failed optional dependency /home/container/node_modules/@napi-rs/canvas-linux-x64-musl
162 silly reify mark deleted [ '/home/container/node_modules/@napi-rs/canvas-linux-x64-musl' ]
163 timing build:run:install:node_modules/@napi-rs/canvas-linux-x64-musl Completed in 194ms
164 info run skia-canvas@1.0.1 install { code: 0, signal: null }
165 timing build:run:install:node_modules/skia-canvas Completed in 2390ms
166 timing build:run:install Completed in 2401ms
167 timing build:deps Completed in 2406ms
168 timing build Completed in 2406ms
169 timing reify:build Completed in 2406ms
170 timing reify:trash Completed in 5ms
171 timing reify:save Completed in 313ms
172 timing reify Completed in 8164ms
173 silly ADD node_modules/parenthesis
174 silly ADD node_modules/string-split-by
175 silly ADD node_modules/path-browserify
176 silly ADD node_modules/cargo-cp-artifact
177 silly ADD node_modules/skia-canvas
178 silly ADD node_modules/skia-canvas/node_modules/mimic-response
179 silly ADD node_modules/skia-canvas/node_modules/decompress-response
180 silly ADD node_modules/skia-canvas/node_modules/brace-expansion
181 silly ADD node_modules/skia-canvas/node_modules/minimatch
182 silly ADD node_modules/skia-canvas/node_modules/simple-get
183 silly ADD node_modules/skia-canvas/node_modules/glob
184 silly ADD node_modules/captcha-canvas
185 silly ADD
186 silly ADD
187 silly ADD
188 silly ADD
189 silly ADD
190 silly ADD
191 silly ADD
192 silly ADD
193 timing command:i Completed in 8175ms
194 verbose exit 0
195 timing npm Completed in 8789ms
196 info ok
