0 verbose cli /usr/local/bin/node /usr/local/bin/npm
1 info using npm@9.8.1
2 info using node@v18.18.0
3 timing npm:load:whichnode Completed in 61ms
4 timing config:load:defaults Completed in 3ms
5 timing config:load:file:/usr/local/lib/node_modules/npm/npmrc Completed in 0ms
6 timing config:load:builtin Completed in 0ms
7 timing config:load:cli Completed in 2ms
8 timing config:load:env Completed in 1ms
9 timing config:load:project Completed in 1ms
10 timing config:load:file:/home/container/.npmrc Completed in 0ms
11 timing config:load:user Completed in 0ms
12 timing config:load:file:/usr/local/etc/npmrc Completed in 0ms
13 timing config:load:global Completed in 0ms
14 timing config:load:setEnvs Completed in 1ms
15 timing config:load Completed in 8ms
16 timing npm:load:configload Completed in 9ms
17 timing config:load:flatten Completed in 3ms
18 timing npm:load:mkdirpcache Completed in 1ms
19 timing npm:load:mkdirplogs Completed in 0ms
20 verbose title npm i discord.js
21 verbose argv "i" "discord.js"
22 timing npm:load:setTitle Completed in 1ms
23 timing npm:load:display Completed in 0ms
24 verbose logfile logs-max:10 dir:/home/container/.npm/_logs/2023-09-26T18_21_25_003Z-
25 verbose logfile /home/container/.npm/_logs/2023-09-26T18_21_25_003Z-debug-0.log
26 timing npm:load:logFile Completed in 9ms
27 timing npm:load:timers Completed in 0ms
28 timing npm:load:configScope Completed in 0ms
29 timing npm:load Completed in 180ms
30 timing arborist:ctor Completed in 1ms
31 silly logfile done cleaning log files
32 timing idealTree:init Completed in 399ms
33 timing idealTree:userRequests Completed in 1ms
34 silly idealTree buildDeps
35 silly fetch manifest discord.js@*
36 timing arborist:ctor Completed in 0ms
37 http fetch GET 200 https://registry.npmjs.org/discord.js 520ms (cache miss)
38 silly placeDep ROOT discord.js@14.13.0 OK for: container@1.0.0 want: *
39 silly fetch manifest @discordjs/builders@^1.6.5
40 silly fetch manifest @discordjs/collection@^1.5.3
41 silly fetch manifest @discordjs/formatters@^0.3.2
42 silly fetch manifest @discordjs/rest@^2.0.1
43 silly fetch manifest @discordjs/util@^1.0.1
44 silly fetch manifest @discordjs/ws@^1.0.1
45 silly fetch manifest @sapphire/snowflake@^3.5.1
46 silly fetch manifest @types/ws@^8.5.5
47 silly fetch manifest discord-api-types@0.37.50
48 silly fetch manifest fast-deep-equal@^3.1.3
49 silly fetch manifest lodash.snakecase@^4.1.1
50 silly fetch manifest undici@5.22.1
51 silly fetch manifest ws@^8.13.0
52 http fetch GET 200 https://registry.npmjs.org/lodash.snakecase 217ms (cache miss)
53 http fetch GET 200 https://registry.npmjs.org/fast-deep-equal 222ms (cache miss)
54 http fetch GET 200 https://registry.npmjs.org/@types%2fws 511ms (cache miss)
55 http fetch GET 200 https://registry.npmjs.org/ws 610ms (cache miss)
56 http fetch GET 200 https://registry.npmjs.org/undici 618ms (cache miss)
57 http fetch GET 200 https://registry.npmjs.org/@discordjs%2fbuilders 793ms (cache miss)
58 http fetch GET 200 https://registry.npmjs.org/@sapphire%2fsnowflake 1194ms (cache miss)
59 http fetch GET 200 https://registry.npmjs.org/@discordjs%2fcollection 1294ms (cache miss)
60 http fetch GET 200 https://registry.npmjs.org/discord-api-types 1409ms (cache miss)
61 http fetch GET 200 https://registry.npmjs.org/@discordjs%2fformatters 1687ms (cache miss)
62 http fetch GET 200 https://registry.npmjs.org/@discordjs%2futil 1699ms (cache miss)
63 http fetch GET 200 https://registry.npmjs.org/@discordjs%2frest 1782ms (cache miss)
64 http fetch GET 200 https://registry.npmjs.org/@discordjs%2fws 1972ms (cache miss)
65 timing idealTree:#root Completed in 2793ms
66 silly fetch manifest bufferutil@^4.0.1
67 http fetch GET 200 https://registry.npmjs.org/bufferutil 83ms (cache miss)
68 silly fetch manifest utf-8-validate@>=5.0.2
69 http fetch GET 200 https://registry.npmjs.org/utf-8-validate 27ms (cache miss)
70 silly placeDep ROOT @discordjs/builders@1.6.5 OK for: discord.js@14.13.0 want: ^1.6.5
71 silly fetch manifest @sapphire/shapeshift@^3.9.2
72 silly fetch manifest ts-mixer@^6.0.3
73 silly placeDep ROOT @discordjs/collection@1.5.3 OK for: discord.js@14.13.0 want: ^1.5.3
74 silly placeDep ROOT @discordjs/formatters@0.3.2 OK for: discord.js@14.13.0 want: ^0.3.2
75 silly placeDep ROOT @discordjs/rest@2.0.1 OK for: discord.js@14.13.0 want: ^2.0.1
76 silly fetch manifest @sapphire/async-queue@^1.5.0
77 silly fetch manifest @vladfrangu/async_event_emitter@^2.2.2
78 silly fetch manifest magic-bytes.js@^1.0.15
79 silly placeDep ROOT @discordjs/util@1.0.1 OK for: discord.js@14.13.0 want: ^1.0.1
80 silly placeDep ROOT @discordjs/ws@1.0.1 OK for: discord.js@14.13.0 want: ^1.0.1
81 silly placeDep ROOT @sapphire/snowflake@3.5.1 OK for: discord.js@14.13.0 want: ^3.5.1
82 silly placeDep ROOT @types/ws@8.5.6 OK for: discord.js@14.13.0 want: ^8.5.5
83 silly placeDep ROOT discord-api-types@0.37.50 OK for: discord.js@14.13.0 want: 0.37.50
84 silly placeDep ROOT fast-deep-equal@3.1.3 OK for: discord.js@14.13.0 want: ^3.1.3
85 silly placeDep ROOT lodash.snakecase@4.1.1 OK for: discord.js@14.13.0 want: ^4.1.1
86 silly placeDep ROOT undici@5.22.1 OK for: discord.js@14.13.0 want: 5.22.1
87 silly fetch manifest busboy@^1.6.0
88 silly placeDep ROOT ws@8.14.2 OK for: discord.js@14.13.0 want: ^8.13.0
89 http fetch GET 200 https://registry.npmjs.org/busboy 77ms (cache miss)
90 http fetch GET 200 https://registry.npmjs.org/@sapphire%2fshapeshift 205ms (cache miss)
91 http fetch GET 200 https://registry.npmjs.org/ts-mixer 405ms (cache miss)
92 http fetch GET 200 https://registry.npmjs.org/magic-bytes.js 408ms (cache miss)
93 http fetch GET 200 https://registry.npmjs.org/@vladfrangu%2fasync_event_emitter 823ms (cache miss)
94 http fetch GET 200 https://registry.npmjs.org/@sapphire%2fasync-queue 924ms (cache miss)
95 timing idealTree:node_modules/discord.js Completed in 1071ms
96 silly placeDep ROOT @sapphire/shapeshift@3.9.2 OK for: @discordjs/builders@1.6.5 want: ^3.9.2
97 silly fetch manifest lodash@^4.17.21
98 silly placeDep ROOT ts-mixer@6.0.3 OK for: @discordjs/builders@1.6.5 want: ^6.0.3
99 http fetch GET 200 https://registry.npmjs.org/lodash 54ms (cache miss)
100 timing idealTree:node_modules/@discordjs/builders Completed in 59ms
101 timing idealTree:node_modules/@discordjs/collection Completed in 0ms
102 timing idealTree:node_modules/@discordjs/formatters Completed in 0ms
103 silly placeDep ROOT @sapphire/async-queue@1.5.0 OK for: @discordjs/rest@2.0.1 want: ^1.5.0
104 silly placeDep ROOT @vladfrangu/async_event_emitter@2.2.2 OK for: @discordjs/rest@2.0.1 want: ^2.2.2
105 silly placeDep ROOT magic-bytes.js@1.0.19 OK for: @discordjs/rest@2.0.1 want: ^1.0.15
106 timing idealTree:node_modules/@discordjs/rest Completed in 4ms
107 timing idealTree:node_modules/@discordjs/util Completed in 0ms
108 timing idealTree:node_modules/@discordjs/ws Completed in 1ms
109 timing idealTree:node_modules/@sapphire/async-queue Completed in 0ms
110 silly placeDep ROOT lodash@4.17.21 OK for: @sapphire/shapeshift@3.9.2 want: ^4.17.21
111 timing idealTree:node_modules/@sapphire/shapeshift Completed in 2ms
112 timing idealTree:node_modules/@sapphire/snowflake Completed in 0ms
113 timing idealTree:node_modules/@types/ws Completed in 0ms
114 timing idealTree:node_modules/@vladfrangu/async_event_emitter Completed in 0ms
115 timing idealTree:node_modules/discord-api-types Completed in 0ms
116 timing idealTree:node_modules/fast-deep-equal Completed in 0ms
117 timing idealTree:node_modules/lodash Completed in 0ms
118 timing idealTree:node_modules/lodash.snakecase Completed in 0ms
119 timing idealTree:node_modules/magic-bytes.js Completed in 0ms
120 timing idealTree:node_modules/ts-mixer Completed in 0ms
121 silly placeDep ROOT busboy@1.6.0 OK for: undici@5.22.1 want: ^1.6.0
122 silly fetch manifest streamsearch@^1.1.0
123 http fetch GET 200 https://registry.npmjs.org/streamsearch 33ms (cache miss)
124 timing idealTree:node_modules/undici Completed in 35ms
125 silly placeDep ROOT streamsearch@1.1.0 OK for: busboy@1.6.0 want: ^1.1.0
126 timing idealTree:node_modules/busboy Completed in 19ms
127 timing idealTree:node_modules/streamsearch Completed in 0ms
128 timing idealTree:node_modules/ws Completed in 0ms
129 timing idealTree:buildDeps Completed in 3988ms
130 timing idealTree:fixDepFlags Completed in 3ms
131 timing idealTree Completed in 4396ms
132 timing reify:loadTrees Completed in 4397ms
133 timing reify:diffTrees Completed in 5ms
134 silly reify moves {}
135 timing reify:retireShallow Completed in 1ms
136 timing reify:createSparse Completed in 5ms
137 timing reify:loadBundles Completed in 0ms
138 silly audit bulk request {
138 silly audit   '@aws-crypto/crc32': [ '3.0.0' ],
138 silly audit   tslib: [ '1.14.1', '2.6.2' ],
138 silly audit   '@aws-crypto/ie11-detection': [ '3.0.0' ],
138 silly audit   '@aws-crypto/sha256-browser': [ '3.0.0' ],
138 silly audit   '@aws-crypto/sha256-js': [ '3.0.0' ],
138 silly audit   '@aws-crypto/supports-web-crypto': [ '3.0.0' ],
138 silly audit   '@aws-crypto/util': [ '3.0.0' ],
138 silly audit   '@aws-sdk/client-cognito-identity': [ '3.418.0' ],
138 silly audit   '@aws-sdk/client-sso': [ '3.418.0' ],
138 silly audit   '@aws-sdk/client-sts': [ '3.418.0' ],
138 silly audit   '@aws-sdk/credential-provider-cognito-identity': [ '3.418.0' ],
138 silly audit   '@aws-sdk/credential-provider-env': [ '3.418.0' ],
138 silly audit   '@aws-sdk/credential-provider-ini': [ '3.418.0' ],
138 silly audit   '@aws-sdk/credential-provider-node': [ '3.418.0' ],
138 silly audit   '@aws-sdk/credential-provider-process': [ '3.418.0' ],
138 silly audit   '@aws-sdk/credential-provider-sso': [ '3.418.0' ],
138 silly audit   '@aws-sdk/credential-provider-web-identity': [ '3.418.0' ],
138 silly audit   '@aws-sdk/credential-providers': [ '3.418.0' ],
138 silly audit   '@aws-sdk/middleware-host-header': [ '3.418.0' ],
138 silly audit   '@aws-sdk/middleware-logger': [ '3.418.0' ],
138 silly audit   '@aws-sdk/middleware-recursion-detection': [ '3.418.0' ],
138 silly audit   '@aws-sdk/middleware-sdk-sts': [ '3.418.0' ],
138 silly audit   '@aws-sdk/middleware-signing': [ '3.418.0' ],
138 silly audit   '@aws-sdk/middleware-user-agent': [ '3.418.0' ],
138 silly audit   '@aws-sdk/region-config-resolver': [ '3.418.0' ],
138 silly audit   '@aws-sdk/token-providers': [ '3.418.0' ],
138 silly audit   '@aws-sdk/types': [ '3.418.0' ],
138 silly audit   '@aws-sdk/util-endpoints': [ '3.418.0' ],
138 silly audit   '@aws-sdk/util-locate-window': [ '3.310.0' ],
138 silly audit   '@aws-sdk/util-user-agent-browser': [ '3.418.0' ],
138 silly audit   '@aws-sdk/util-user-agent-node': [ '3.418.0' ],
138 silly audit   '@aws-sdk/util-utf8-browser': [ '3.259.0' ],
138 silly audit   '@mongodb-js/saslprep': [ '1.1.0' ],
138 silly audit   '@smithy/abort-controller': [ '2.0.9' ],
138 silly audit   '@smithy/config-resolver': [ '2.0.10' ],
138 silly audit   '@smithy/credential-provider-imds': [ '2.0.12' ],
138 silly audit   '@smithy/eventstream-codec': [ '2.0.9' ],
138 silly audit   '@smithy/fetch-http-handler': [ '2.1.5' ],
138 silly audit   '@smithy/hash-node': [ '2.0.9' ],
138 silly audit   '@smithy/invalid-dependency': [ '2.0.9' ],
138 silly audit   '@smithy/is-array-buffer': [ '2.0.0' ],
138 silly audit   '@smithy/middleware-content-length': [ '2.0.11' ],
138 silly audit   '@smithy/middleware-endpoint': [ '2.0.9' ],
138 silly audit   '@smithy/middleware-retry': [ '2.0.12' ],
138 silly audit   '@smithy/middleware-serde': [ '2.0.9' ],
138 silly audit   '@smithy/middleware-stack': [ '2.0.3' ],
138 silly audit   '@smithy/node-config-provider': [ '2.0.12' ],
138 silly audit   '@smithy/node-http-handler': [ '2.1.5' ],
138 silly audit   '@smithy/property-provider': [ '2.0.10' ],
138 silly audit   '@smithy/protocol-http': [ '3.0.5' ],
138 silly audit   '@smithy/querystring-builder': [ '2.0.9' ],
138 silly audit   '@smithy/querystring-parser': [ '2.0.9' ],
138 silly audit   '@smithy/service-error-classification': [ '2.0.2' ],
138 silly audit   '@smithy/shared-ini-file-loader': [ '2.0.11' ],
138 silly audit   '@smithy/signature-v4': [ '2.0.9' ],
138 silly audit   '@smithy/smithy-client': [ '2.1.7' ],
138 silly audit   '@smithy/types': [ '2.3.3' ],
138 silly audit   '@smithy/url-parser': [ '2.0.9' ],
138 silly audit   '@smithy/util-base64': [ '2.0.0' ],
138 silly audit   '@smithy/util-body-length-browser': [ '2.0.0' ],
138 silly audit   '@smithy/util-body-length-node': [ '2.1.0' ],
138 silly audit   '@smithy/util-buffer-from': [ '2.0.0' ],
138 silly audit   '@smithy/util-config-provider': [ '2.0.0' ],
138 silly audit   '@smithy/util-defaults-mode-browser': [ '2.0.11' ],
138 silly audit   '@smithy/util-defaults-mode-node': [ '2.0.13' ],
138 silly audit   '@smithy/util-hex-encoding': [ '2.0.0' ],
138 silly audit   '@smithy/util-middleware': [ '2.0.2' ],
138 silly audit   '@smithy/util-retry': [ '2.0.2' ],
138 silly audit   '@smithy/util-stream': [ '2.0.12' ],
138 silly audit   '@smithy/util-uri-escape': [ '2.0.0' ],
138 silly audit   '@smithy/util-utf8': [ '2.0.0' ],
138 silly audit   '@types/node': [ '20.7.0' ],
138 silly audit   '@types/webidl-conversions': [ '7.0.1' ],
138 silly audit   '@types/whatwg-url': [ '8.2.2' ],
138 silly audit   'base64-js': [ '1.5.1' ],
138 silly audit   bowser: [ '2.11.0' ],
138 silly audit   bson: [ '4.7.2', '6.1.0' ],
138 silly audit   buffer: [ '5.7.1' ],
138 silly audit   debug: [ '4.3.4' ],
138 silly audit   ms: [ '2.1.2', '2.1.3' ],
138 silly audit   'fast-xml-parser': [ '4.2.5' ],
138 silly audit   ieee754: [ '1.2.1' ],
138 silly audit   ip: [ '2.0.0' ],
138 silly audit   kareem: [ '2.5.1' ],
138 silly audit   'memory-pager': [ '1.5.0' ],
138 silly audit   mongodb: [ '6.1.0', '4.17.1' ],
138 silly audit   'mongodb-connection-string-url': [ '2.6.0' ],
138 silly audit   mongoose: [ '6.12.0' ],
138 silly audit   mpath: [ '0.9.0' ],
138 silly audit   mquery: [ '4.0.3' ],
138 silly audit   punycode: [ '2.3.0' ],
138 silly audit   sift: [ '16.0.1' ],
138 silly audit   'smart-buffer': [ '4.2.0' ],
138 silly audit   socks: [ '2.7.1' ],
138 silly audit   'sparse-bitfield': [ '3.0.3' ],
138 silly audit   strnum: [ '1.0.5' ],
138 silly audit   tr46: [ '3.0.0' ],
138 silly audit   uuid: [ '8.3.2' ],
138 silly audit   'webidl-conversions': [ '7.0.0' ],
138 silly audit   'whatwg-url': [ '11.0.0' ],
138 silly audit   'discord.js': [ '14.13.0' ],
138 silly audit   '@discordjs/builders': [ '1.6.5' ],
138 silly audit   '@discordjs/collection': [ '1.5.3' ],
138 silly audit   '@discordjs/formatters': [ '0.3.2' ],
138 silly audit   '@discordjs/rest': [ '2.0.1' ],
138 silly audit   '@discordjs/util': [ '1.0.1' ],
138 silly audit   '@discordjs/ws': [ '1.0.1' ],
138 silly audit   '@sapphire/snowflake': [ '3.5.1' ],
138 silly audit   '@types/ws': [ '8.5.6' ],
138 silly audit   'discord-api-types': [ '0.37.50' ],
138 silly audit   'fast-deep-equal': [ '3.1.3' ],
138 silly audit   'lodash.snakecase': [ '4.1.1' ],
138 silly audit   undici: [ '5.22.1' ],
138 silly audit   ws: [ '8.14.2' ],
138 silly audit   '@sapphire/shapeshift': [ '3.9.2' ],
138 silly audit   'ts-mixer': [ '6.0.3' ],
138 silly audit   '@sapphire/async-queue': [ '1.5.0' ],
138 silly audit   '@vladfrangu/async_event_emitter': [ '2.2.2' ],
138 silly audit   'magic-bytes.js': [ '1.0.19' ],
138 silly audit   lodash: [ '4.17.21' ],
138 silly audit   busboy: [ '1.6.0' ],
138 silly audit   streamsearch: [ '1.1.0' ]
138 silly audit }
139 silly tarball no local data for streamsearch@https://registry.npmjs.org/streamsearch/-/streamsearch-1.1.0.tgz. Extracting by manifest.
140 silly tarball no local data for busboy@https://registry.npmjs.org/busboy/-/busboy-1.6.0.tgz. Extracting by manifest.
141 silly tarball no local data for lodash@https://registry.npmjs.org/lodash/-/lodash-4.17.21.tgz. Extracting by manifest.
142 silly tarball no local data for magic-bytes.js@https://registry.npmjs.org/magic-bytes.js/-/magic-bytes.js-1.0.19.tgz. Extracting by manifest.
143 silly tarball no local data for @vladfrangu/async_event_emitter@https://registry.npmjs.org/@vladfrangu/async_event_emitter/-/async_event_emitter-2.2.2.tgz. Extracting by manifest.
144 silly tarball no local data for @sapphire/async-queue@https://registry.npmjs.org/@sapphire/async-queue/-/async-queue-1.5.0.tgz. Extracting by manifest.
145 silly tarball no local data for ts-mixer@https://registry.npmjs.org/ts-mixer/-/ts-mixer-6.0.3.tgz. Extracting by manifest.
146 silly tarball no local data for @sapphire/shapeshift@https://registry.npmjs.org/@sapphire/shapeshift/-/shapeshift-3.9.2.tgz. Extracting by manifest.
147 silly tarball no local data for ws@https://registry.npmjs.org/ws/-/ws-8.14.2.tgz. Extracting by manifest.
148 silly tarball no local data for undici@https://registry.npmjs.org/undici/-/undici-5.22.1.tgz. Extracting by manifest.
149 silly tarball no local data for lodash.snakecase@https://registry.npmjs.org/lodash.snakecase/-/lodash.snakecase-4.1.1.tgz. Extracting by manifest.
150 silly tarball no local data for discord-api-types@https://registry.npmjs.org/discord-api-types/-/discord-api-types-0.37.50.tgz. Extracting by manifest.
151 silly tarball no local data for fast-deep-equal@https://registry.npmjs.org/fast-deep-equal/-/fast-deep-equal-3.1.3.tgz. Extracting by manifest.
152 silly tarball no local data for @types/ws@https://registry.npmjs.org/@types/ws/-/ws-8.5.6.tgz. Extracting by manifest.
153 silly tarball no local data for @sapphire/snowflake@https://registry.npmjs.org/@sapphire/snowflake/-/snowflake-3.5.1.tgz. Extracting by manifest.
154 silly tarball no local data for @discordjs/ws@https://registry.npmjs.org/@discordjs/ws/-/ws-1.0.1.tgz. Extracting by manifest.
155 silly tarball no local data for @discordjs/util@https://registry.npmjs.org/@discordjs/util/-/util-1.0.1.tgz. Extracting by manifest.
156 silly tarball no local data for @discordjs/rest@https://registry.npmjs.org/@discordjs/rest/-/rest-2.0.1.tgz. Extracting by manifest.
157 silly tarball no local data for @discordjs/formatters@https://registry.npmjs.org/@discordjs/formatters/-/formatters-0.3.2.tgz. Extracting by manifest.
158 silly tarball no local data for @discordjs/collection@https://registry.npmjs.org/@discordjs/collection/-/collection-1.5.3.tgz. Extracting by manifest.
159 silly tarball no local data for @discordjs/builders@https://registry.npmjs.org/@discordjs/builders/-/builders-1.6.5.tgz. Extracting by manifest.
160 silly tarball no local data for discord.js@https://registry.npmjs.org/discord.js/-/discord.js-14.13.0.tgz. Extracting by manifest.
161 http fetch POST 200 https://registry.npmjs.org/-/npm/v1/security/advisories/bulk 498ms
162 timing auditReport:getReport Completed in 503ms
163 silly audit report {}
164 timing auditReport:init Completed in 0ms
165 timing reify:audit Completed in 503ms
166 http fetch GET 200 https://registry.npmjs.org/streamsearch/-/streamsearch-1.1.0.tgz 1220ms (cache miss)
167 http fetch GET 200 https://registry.npmjs.org/magic-bytes.js/-/magic-bytes.js-1.0.19.tgz 1217ms (cache miss)
168 timing reifyNode:node_modules/streamsearch Completed in 1575ms
169 http fetch GET 200 https://registry.npmjs.org/fast-deep-equal/-/fast-deep-equal-3.1.3.tgz 1204ms (cache miss)
170 timing reifyNode:node_modules/fast-deep-equal Completed in 1579ms
171 http fetch GET 200 https://registry.npmjs.org/lodash.snakecase/-/lodash.snakecase-4.1.1.tgz 1208ms (cache miss)
172 timing reifyNode:node_modules/lodash.snakecase Completed in 1580ms
173 http fetch GET 200 https://registry.npmjs.org/@sapphire/async-queue/-/async-queue-1.5.0.tgz 1303ms (cache miss)
174 http fetch GET 200 https://registry.npmjs.org/@types/ws/-/ws-8.5.6.tgz 1212ms (cache miss)
175 timing reifyNode:node_modules/@types/ws Completed in 1589ms
176 http fetch GET 200 https://registry.npmjs.org/@discordjs/util/-/util-1.0.1.tgz 1212ms (cache miss)
177 timing reifyNode:node_modules/@discordjs/util Completed in 1675ms
178 timing reifyNode:node_modules/@sapphire/async-queue Completed in 1684ms
179 http fetch GET 200 https://registry.npmjs.org/@discordjs/formatters/-/formatters-0.3.2.tgz 1304ms (cache miss)
180 timing reifyNode:node_modules/@discordjs/formatters Completed in 1779ms
181 timing reifyNode:node_modules/magic-bytes.js Completed in 1784ms
182 http fetch GET 200 https://registry.npmjs.org/@sapphire/snowflake/-/snowflake-3.5.1.tgz 1404ms (cache miss)
183 timing reifyNode:node_modules/@sapphire/snowflake Completed in 1785ms
184 http fetch GET 200 https://registry.npmjs.org/@vladfrangu/async_event_emitter/-/async_event_emitter-2.2.2.tgz 1506ms (cache miss)
185 timing reifyNode:node_modules/@vladfrangu/async_event_emitter Completed in 1792ms
186 http fetch GET 200 https://registry.npmjs.org/@discordjs/collection/-/collection-1.5.3.tgz 1405ms (cache miss)
187 timing reifyNode:node_modules/@discordjs/collection Completed in 1793ms
188 http fetch GET 200 https://registry.npmjs.org/busboy/-/busboy-1.6.0.tgz 1600ms (cache miss)
189 http fetch GET 200 https://registry.npmjs.org/ts-mixer/-/ts-mixer-6.0.3.tgz 1506ms (cache miss)
190 timing reifyNode:node_modules/busboy Completed in 1879ms
191 http fetch GET 200 https://registry.npmjs.org/ws/-/ws-8.14.2.tgz 1509ms (cache miss)
192 timing reifyNode:node_modules/ws Completed in 1880ms
193 timing reifyNode:node_modules/ts-mixer Completed in 1881ms
194 http fetch GET 200 https://registry.npmjs.org/@discordjs/builders/-/builders-1.6.5.tgz 1588ms (cache miss)
195 timing reifyNode:node_modules/@discordjs/builders Completed in 1980ms
196 http fetch GET 200 https://registry.npmjs.org/@discordjs/ws/-/ws-1.0.1.tgz 1702ms (cache miss)
197 timing reifyNode:node_modules/@discordjs/ws Completed in 2083ms
198 http fetch GET 200 https://registry.npmjs.org/@discordjs/rest/-/rest-2.0.1.tgz 1789ms (cache miss)
199 timing reifyNode:node_modules/@discordjs/rest Completed in 2175ms
200 http fetch GET 200 https://registry.npmjs.org/@sapphire/shapeshift/-/shapeshift-3.9.2.tgz 1812ms (cache miss)
201 timing reifyNode:node_modules/@sapphire/shapeshift Completed in 2182ms
202 http fetch GET 200 https://registry.npmjs.org/undici/-/undici-5.22.1.tgz 2511ms (cache miss)
203 timing reifyNode:node_modules/undici Completed in 2883ms
204 http fetch GET 200 https://registry.npmjs.org/discord.js/-/discord.js-14.13.0.tgz 3191ms (cache miss)
205 timing reifyNode:node_modules/discord.js Completed in 3583ms
206 http fetch GET 200 https://registry.npmjs.org/lodash/-/lodash-4.17.21.tgz 4796ms (cache miss)
207 timing reifyNode:node_modules/lodash Completed in 5076ms
208 http fetch GET 200 https://registry.npmjs.org/discord-api-types/-/discord-api-types-0.37.50.tgz 4799ms (cache miss)
209 timing reifyNode:node_modules/discord-api-types Completed in 5174ms
210 timing reify:unpack Completed in 5176ms
211 timing reify:unretire Completed in 0ms
212 timing build:queue Completed in 1ms
213 timing build:deps Completed in 1ms
214 timing build Completed in 1ms
215 timing reify:build Completed in 3ms
216 timing reify:trash Completed in 0ms
217 timing reify:save Completed in 193ms
218 timing reify Completed in 9832ms
219 silly ADD node_modules/streamsearch
220 silly ADD node_modules/busboy
221 silly ADD node_modules/lodash
222 silly ADD node_modules/magic-bytes.js
223 silly ADD node_modules/@vladfrangu/async_event_emitter
224 silly ADD node_modules/@sapphire/async-queue
225 silly ADD node_modules/ts-mixer
226 silly ADD node_modules/@sapphire/shapeshift
227 silly ADD node_modules/ws
228 silly ADD node_modules/undici
229 silly ADD node_modules/lodash.snakecase
230 silly ADD node_modules/fast-deep-equal
231 silly ADD node_modules/discord-api-types
232 silly ADD node_modules/@types/ws
233 silly ADD node_modules/@sapphire/snowflake
234 silly ADD node_modules/@discordjs/ws
235 silly ADD node_modules/@discordjs/util
236 silly ADD node_modules/@discordjs/rest
237 silly ADD node_modules/@discordjs/formatters
238 silly ADD node_modules/@discordjs/collection
239 silly ADD node_modules/@discordjs/builders
240 silly ADD node_modules/discord.js
241 timing command:i Completed in 9894ms
242 verbose exit 0
243 timing npm Completed in 10503ms
244 info ok
