0 verbose cli /usr/local/bin/node /usr/local/bin/npm
1 info using npm@9.8.1
2 info using node@v18.18.0
3 timing npm:load:whichnode Completed in 2ms
4 timing config:load:defaults Completed in 2ms
5 timing config:load:file:/usr/local/lib/node_modules/npm/npmrc Completed in 0ms
6 timing config:load:builtin Completed in 0ms
7 timing config:load:cli Completed in 1ms
8 timing config:load:env Completed in 1ms
9 timing config:load:project Completed in 60ms
10 timing config:load:file:/home/container/.npmrc Completed in 0ms
11 timing config:load:user Completed in 0ms
12 timing config:load:file:/usr/local/etc/npmrc Completed in 1ms
13 timing config:load:global Completed in 1ms
14 timing config:load:setEnvs Completed in 1ms
15 timing config:load Completed in 67ms
16 timing npm:load:configload Completed in 67ms
17 timing config:load:flatten Completed in 3ms
18 timing npm:load:mkdirpcache Completed in 1ms
19 timing npm:load:mkdirplogs Completed in 0ms
20 verbose title npm i fetch
21 verbose argv "i" "fetch"
22 timing npm:load:setTitle Completed in 1ms
23 timing npm:load:display Completed in 0ms
24 verbose logfile logs-max:10 dir:/home/container/.npm/_logs/2023-09-26T18_22_18_497Z-
25 verbose logfile /home/container/.npm/_logs/2023-09-26T18_22_18_497Z-debug-0.log
26 timing npm:load:logFile Completed in 10ms
27 timing npm:load:timers Completed in 0ms
28 timing npm:load:configScope Completed in 0ms
29 timing npm:load Completed in 190ms
30 timing arborist:ctor Completed in 1ms
31 silly logfile done cleaning log files
32 timing idealTree:init Completed in 581ms
33 timing idealTree:userRequests Completed in 1ms
34 silly idealTree buildDeps
35 silly fetch manifest fetch@*
36 timing arborist:ctor Completed in 0ms
37 http fetch GET 200 https://registry.npmjs.org/fetch 870ms (cache miss)
38 silly placeDep ROOT fetch@1.1.0 OK for: container@1.0.0 want: *
39 silly fetch manifest biskviit@1.0.1
40 silly fetch manifest encoding@0.1.12
41 http fetch GET 200 https://registry.npmjs.org/encoding 13ms (cache hit)
42 http fetch GET 200 https://registry.npmjs.org/biskviit 146ms (cache miss)
43 timing idealTree:#root Completed in 1029ms
44 silly placeDep ROOT biskviit@1.0.1 OK for: fetch@1.1.0 want: 1.0.1
45 silly fetch manifest psl@^1.1.7
46 silly placeDep ROOT encoding@0.1.12 OK for: fetch@1.1.0 want: 0.1.12
47 silly fetch manifest iconv-lite@~0.4.13
48 http fetch GET 200 https://registry.npmjs.org/psl 40ms (cache miss)
49 http fetch GET 200 https://registry.npmjs.org/iconv-lite 63ms (cache miss)
50 timing idealTree:node_modules/fetch Completed in 72ms
51 silly placeDep ROOT psl@1.9.0 OK for: biskviit@1.0.1 want: ^1.1.7
52 timing idealTree:node_modules/biskviit Completed in 2ms
53 silly placeDep ROOT iconv-lite@0.4.24 OK for: encoding@0.1.12 want: ~0.4.13
54 silly fetch manifest safer-buffer@>= 2.1.2 < 3
55 http fetch GET 200 https://registry.npmjs.org/safer-buffer 27ms (cache miss)
56 timing idealTree:node_modules/encoding Completed in 32ms
57 silly placeDep ROOT safer-buffer@2.1.2 OK for: iconv-lite@0.4.24 want: >= 2.1.2 < 3
58 timing idealTree:node_modules/iconv-lite Completed in 3ms
59 timing idealTree:node_modules/psl Completed in 0ms
60 timing idealTree:node_modules/safer-buffer Completed in 0ms
61 timing idealTree:buildDeps Completed in 1140ms
62 timing idealTree:fixDepFlags Completed in 2ms
63 timing idealTree Completed in 1730ms
64 timing reify:loadTrees Completed in 1732ms
65 timing reify:diffTrees Completed in 7ms
66 silly reify moves {}
67 timing reify:retireShallow Completed in 1ms
68 timing reify:createSparse Completed in 1ms
69 timing reify:loadBundles Completed in 0ms
70 silly audit bulk request {
70 silly audit   '@aws-crypto/crc32': [ '3.0.0' ],
70 silly audit   tslib: [ '1.14.1', '2.6.2' ],
70 silly audit   '@aws-crypto/ie11-detection': [ '3.0.0' ],
70 silly audit   '@aws-crypto/sha256-browser': [ '3.0.0' ],
70 silly audit   '@aws-crypto/sha256-js': [ '3.0.0' ],
70 silly audit   '@aws-crypto/supports-web-crypto': [ '3.0.0' ],
70 silly audit   '@aws-crypto/util': [ '3.0.0' ],
70 silly audit   '@aws-sdk/client-cognito-identity': [ '3.418.0' ],
70 silly audit   '@aws-sdk/client-sso': [ '3.418.0' ],
70 silly audit   '@aws-sdk/client-sts': [ '3.418.0' ],
70 silly audit   '@aws-sdk/credential-provider-cognito-identity': [ '3.418.0' ],
70 silly audit   '@aws-sdk/credential-provider-env': [ '3.418.0' ],
70 silly audit   '@aws-sdk/credential-provider-ini': [ '3.418.0' ],
70 silly audit   '@aws-sdk/credential-provider-node': [ '3.418.0' ],
70 silly audit   '@aws-sdk/credential-provider-process': [ '3.418.0' ],
70 silly audit   '@aws-sdk/credential-provider-sso': [ '3.418.0' ],
70 silly audit   '@aws-sdk/credential-provider-web-identity': [ '3.418.0' ],
70 silly audit   '@aws-sdk/credential-providers': [ '3.418.0' ],
70 silly audit   '@aws-sdk/middleware-host-header': [ '3.418.0' ],
70 silly audit   '@aws-sdk/middleware-logger': [ '3.418.0' ],
70 silly audit   '@aws-sdk/middleware-recursion-detection': [ '3.418.0' ],
70 silly audit   '@aws-sdk/middleware-sdk-sts': [ '3.418.0' ],
70 silly audit   '@aws-sdk/middleware-signing': [ '3.418.0' ],
70 silly audit   '@aws-sdk/middleware-user-agent': [ '3.418.0' ],
70 silly audit   '@aws-sdk/region-config-resolver': [ '3.418.0' ],
70 silly audit   '@aws-sdk/token-providers': [ '3.418.0' ],
70 silly audit   '@aws-sdk/types': [ '3.418.0' ],
70 silly audit   '@aws-sdk/util-endpoints': [ '3.418.0' ],
70 silly audit   '@aws-sdk/util-locate-window': [ '3.310.0' ],
70 silly audit   '@aws-sdk/util-user-agent-browser': [ '3.418.0' ],
70 silly audit   '@aws-sdk/util-user-agent-node': [ '3.418.0' ],
70 silly audit   '@aws-sdk/util-utf8-browser': [ '3.259.0' ],
70 silly audit   '@discordjs/builders': [ '1.6.5' ],
70 silly audit   '@discordjs/collection': [ '1.5.3' ],
70 silly audit   '@discordjs/formatters': [ '0.3.2' ],
70 silly audit   '@discordjs/rest': [ '2.0.1' ],
70 silly audit   '@discordjs/util': [ '1.0.1' ],
70 silly audit   '@discordjs/ws': [ '1.0.1' ],
70 silly audit   '@mapbox/node-pre-gyp': [ '1.0.11' ],
70 silly audit   '@mongodb-js/saslprep': [ '1.1.0' ],
70 silly audit   '@napi-rs/canvas': [ '0.1.44' ],
70 silly audit   '@napi-rs/canvas-android-arm64': [ '0.1.44' ],
70 silly audit   '@napi-rs/canvas-darwin-arm64': [ '0.1.44' ],
70 silly audit   '@napi-rs/canvas-darwin-x64': [ '0.1.44' ],
70 silly audit   '@napi-rs/canvas-linux-arm-gnueabihf': [ '0.1.44' ],
70 silly audit   '@napi-rs/canvas-linux-arm64-gnu': [ '0.1.44' ],
70 silly audit   '@napi-rs/canvas-linux-arm64-musl': [ '0.1.44' ],
70 silly audit   '@napi-rs/canvas-linux-x64-gnu': [ '0.1.44' ],
70 silly audit   '@napi-rs/canvas-linux-x64-musl': [ '0.1.44' ],
70 silly audit   '@napi-rs/canvas-win32-x64-msvc': [ '0.1.44' ],
70 silly audit   '@sapphire/async-queue': [ '1.5.0' ],
70 silly audit   '@sapphire/shapeshift': [ '3.9.2' ],
70 silly audit   '@sapphire/snowflake': [ '3.5.1' ],
70 silly audit   '@skyra/gifenc': [ '1.0.1' ],
70 silly audit   '@smithy/abort-controller': [ '2.0.9' ],
70 silly audit   '@smithy/config-resolver': [ '2.0.10' ],
70 silly audit   '@smithy/credential-provider-imds': [ '2.0.12' ],
70 silly audit   '@smithy/eventstream-codec': [ '2.0.9' ],
70 silly audit   '@smithy/fetch-http-handler': [ '2.1.5' ],
70 silly audit   '@smithy/hash-node': [ '2.0.9' ],
70 silly audit   '@smithy/invalid-dependency': [ '2.0.9' ],
70 silly audit   '@smithy/is-array-buffer': [ '2.0.0' ],
70 silly audit   '@smithy/middleware-content-length': [ '2.0.11' ],
70 silly audit   '@smithy/middleware-endpoint': [ '2.0.9' ],
70 silly audit   '@smithy/middleware-retry': [ '2.0.12' ],
70 silly audit   '@smithy/middleware-serde': [ '2.0.9' ],
70 silly audit   '@smithy/middleware-stack': [ '2.0.3' ],
70 silly audit   '@smithy/node-config-provider': [ '2.0.12' ],
70 silly audit   '@smithy/node-http-handler': [ '2.1.5' ],
70 silly audit   '@smithy/property-provider': [ '2.0.10' ],
70 silly audit   '@smithy/protocol-http': [ '3.0.5' ],
70 silly audit   '@smithy/querystring-builder': [ '2.0.9' ],
70 silly audit   '@smithy/querystring-parser': [ '2.0.9' ],
70 silly audit   '@smithy/service-error-classification': [ '2.0.2' ],
70 silly audit   '@smithy/shared-ini-file-loader': [ '2.0.11' ],
70 silly audit   '@smithy/signature-v4': [ '2.0.9' ],
70 silly audit   '@smithy/smithy-client': [ '2.1.7' ],
70 silly audit   '@smithy/types': [ '2.3.3' ],
70 silly audit   '@smithy/url-parser': [ '2.0.9' ],
70 silly audit   '@smithy/util-base64': [ '2.0.0' ],
70 silly audit   '@smithy/util-body-length-browser': [ '2.0.0' ],
70 silly audit   '@smithy/util-body-length-node': [ '2.1.0' ],
70 silly audit   '@smithy/util-buffer-from': [ '2.0.0' ],
70 silly audit   '@smithy/util-config-provider': [ '2.0.0' ],
70 silly audit   '@smithy/util-defaults-mode-browser': [ '2.0.11' ],
70 silly audit   '@smithy/util-defaults-mode-node': [ '2.0.13' ],
70 silly audit   '@smithy/util-hex-encoding': [ '2.0.0' ],
70 silly audit   '@smithy/util-middleware': [ '2.0.2' ],
70 silly audit   '@smithy/util-retry': [ '2.0.2' ],
70 silly audit   '@smithy/util-stream': [ '2.0.12' ],
70 silly audit   '@smithy/util-uri-escape': [ '2.0.0' ],
70 silly audit   '@smithy/util-utf8': [ '2.0.0' ],
70 silly audit   '@types/node': [ '20.7.0' ],
70 silly audit   '@types/webidl-conversions': [ '7.0.1' ],
70 silly audit   '@types/whatwg-url': [ '8.2.2' ],
70 silly audit   '@types/ws': [ '8.5.6' ],
70 silly audit   '@vladfrangu/async_event_emitter': [ '2.2.2' ],
70 silly audit   abbrev: [ '1.1.1' ],
70 silly audit   'agent-base': [ '6.0.2' ],
70 silly audit   'ansi-regex': [ '5.0.1' ],
70 silly audit   aproba: [ '2.0.0' ],
70 silly audit   'are-we-there-yet': [ '2.0.0' ],
70 silly audit   asynckit: [ '0.4.0' ],
70 silly audit   axios: [ '1.5.1' ],
70 silly audit   'balanced-match': [ '1.0.2' ],
70 silly audit   'base64-js': [ '1.5.1' ],
70 silly audit   bowser: [ '2.11.0' ],
70 silly audit   'brace-expansion': [ '1.1.11' ],
70 silly audit   bson: [ '4.7.2', '6.1.0' ],
70 silly audit   buffer: [ '5.7.1' ],
70 silly audit   busboy: [ '1.6.0' ],
70 silly audit   canvacord: [ '5.4.10' ],
70 silly audit   'node-fetch': [ '2.6.7', '2.7.0' ],
70 silly audit   tr46: [ '0.0.3', '3.0.0' ],
70 silly audit   'webidl-conversions': [ '3.0.1', '7.0.0' ],
70 silly audit   'whatwg-url': [ '5.0.0', '11.0.0' ],
70 silly audit   canvas: [ '2.11.2' ],
70 silly audit   chalk: [ '5.3.0' ],
70 silly audit   chownr: [ '2.0.0' ],
70 silly audit   'color-support': [ '1.1.3' ],
70 silly audit   'combined-stream': [ '1.0.8' ],
70 silly audit   'concat-map': [ '0.0.1' ],
70 silly audit   'console-control-strings': [ '1.1.0' ],
70 silly audit   debug: [ '4.3.4' ],
70 silly audit   ms: [ '2.1.2', '2.1.3' ],
70 silly audit   'decompress-response': [ '4.2.1' ],
70 silly audit   'delayed-stream': [ '1.0.0' ],
70 silly audit   delegates: [ '1.0.0' ],
70 silly audit   'detect-libc': [ '2.0.2' ],
70 silly audit   'discord-api-types': [ '0.37.50' ],
70 silly audit   'discord.js': [ '14.13.0' ],
70 silly audit   'emoji-regex': [ '8.0.0' ],
70 silly audit   'fast-deep-equal': [ '3.1.3' ],
70 silly audit   'fast-xml-parser': [ '4.2.5' ],
70 silly audit   'follow-redirects': [ '1.15.3' ],
70 silly audit   'form-data': [ '4.0.0' ],
70 silly audit   fs: [ '0.0.1-security' ],
70 silly audit   'fs-minipass': [ '2.1.0' ],
70 silly audit   minipass: [ '3.3.6', '5.0.0' ],
70 silly audit   'fs.realpath': [ '1.0.0' ],
70 silly audit   gauge: [ '3.0.2' ],
70 silly audit   glob: [ '7.2.3' ],
70 silly audit   'has-unicode': [ '2.0.1' ],
70 silly audit   'https-proxy-agent': [ '5.0.1' ],
70 silly audit   ieee754: [ '1.2.1' ],
70 silly audit   inflight: [ '1.0.6' ],
70 silly audit   inherits: [ '2.0.4' ],
70 silly audit   ip: [ '2.0.0' ],
70 silly audit   'is-fullwidth-code-point': [ '3.0.0' ],
70 silly audit   kareem: [ '2.5.1' ],
70 silly audit   lodash: [ '4.17.21' ],
70 silly audit   'lodash.snakecase': [ '4.1.1' ],
70 silly audit   'lru-cache': [ '6.0.0' ],
70 silly audit   'magic-bytes.js': [ '1.0.19' ],
70 silly audit   'make-dir': [ '3.1.0' ],
70 silly audit   semver: [ '6.3.1', '7.5.4' ],
70 silly audit   'memory-pager': [ '1.5.0' ],
70 silly audit   'mime-db': [ '1.52.0' ],
70 silly audit   'mime-types': [ '2.1.35' ],
70 silly audit   'mimic-response': [ '2.1.0' ],
70 silly audit   minimatch: [ '3.1.2' ],
70 silly audit   minizlib: [ '2.1.2' ],
70 silly audit   mkdirp: [ '1.0.4' ],
70 silly audit   moment: [ '2.29.4' ],
70 silly audit   'moment-duration-format': [ '2.3.2' ],
70 silly audit   mongodb: [ '6.1.0', '4.17.1' ],
70 silly audit   'mongodb-connection-string-url': [ '2.6.0' ],
70 silly audit   mongoose: [ '6.12.0' ],
70 silly audit   mpath: [ '0.9.0' ],
70 silly audit   mquery: [ '4.0.3' ],
70 silly audit   nan: [ '2.18.0' ],
70 silly audit   nopt: [ '5.0.0' ],
70 silly audit   npmlog: [ '5.0.1' ],
70 silly audit   'object-assign': [ '4.1.1' ],
70 silly audit   once: [ '1.4.0' ],
70 silly audit   'path-is-absolute': [ '1.0.1' ],
70 silly audit   'proxy-from-env': [ '1.1.0' ],
70 silly audit   punycode: [ '2.3.0' ],
70 silly audit   'readable-stream': [ '3.6.2' ],
70 silly audit   rimraf: [ '3.0.2' ],
70 silly audit   'safe-buffer': [ '5.2.1' ],
70 silly audit   'set-blocking': [ '2.0.0' ],
70 silly audit   sift: [ '16.0.1' ],
70 silly audit   'signal-exit': [ '3.0.7' ],
70 silly audit   'simple-concat': [ '1.0.1' ],
70 silly audit   'simple-get': [ '3.1.1' ],
70 silly audit   'smart-buffer': [ '4.2.0' ],
70 silly audit   socks: [ '2.7.1' ],
70 silly audit   'sparse-bitfield': [ '3.0.3' ],
70 silly audit   streamsearch: [ '1.1.0' ],
70 silly audit   string_decoder: [ '1.3.0' ],
70 silly audit   'string-width': [ '4.2.3' ],
70 silly audit   'strip-ansi': [ '6.0.1' ],
70 silly audit   strnum: [ '1.0.5' ],
70 silly audit   tar: [ '6.2.0' ],
70 silly audit   'ts-mixer': [ '6.0.3' ],
70 silly audit   undici: [ '5.22.1' ],
70 silly audit   'util-deprecate': [ '1.0.2' ],
70 silly audit   uuid: [ '8.3.2' ],
70 silly audit   'wide-align': [ '1.1.5' ],
70 silly audit   wrappy: [ '1.0.2' ],
70 silly audit   ws: [ '8.14.2' ],
70 silly audit   yallist: [ '4.0.0' ],
70 silly audit   fetch: [ '1.1.0' ],
70 silly audit   biskviit: [ '1.0.1' ],
70 silly audit   encoding: [ '0.1.12' ],
70 silly audit   psl: [ '1.9.0' ],
70 silly audit   'iconv-lite': [ '0.4.24' ],
70 silly audit   'safer-buffer': [ '2.1.2' ]
70 silly audit }
71 verbose reify failed optional dependency /home/container/node_modules/@napi-rs/canvas-win32-x64-msvc
72 silly reify mark deleted [ '/home/container/node_modules/@napi-rs/canvas-win32-x64-msvc' ]
73 verbose reify failed optional dependency /home/container/node_modules/@napi-rs/canvas-linux-arm64-musl
74 silly reify mark deleted [ '/home/container/node_modules/@napi-rs/canvas-linux-arm64-musl' ]
75 verbose reify failed optional dependency /home/container/node_modules/@napi-rs/canvas-linux-arm64-gnu
76 silly reify mark deleted [ '/home/container/node_modules/@napi-rs/canvas-linux-arm64-gnu' ]
77 verbose reify failed optional dependency /home/container/node_modules/@napi-rs/canvas-linux-arm-gnueabihf
78 silly reify mark deleted [ '/home/container/node_modules/@napi-rs/canvas-linux-arm-gnueabihf' ]
79 verbose reify failed optional dependency /home/container/node_modules/@napi-rs/canvas-darwin-x64
80 silly reify mark deleted [ '/home/container/node_modules/@napi-rs/canvas-darwin-x64' ]
81 verbose reify failed optional dependency /home/container/node_modules/@napi-rs/canvas-darwin-arm64
82 silly reify mark deleted [ '/home/container/node_modules/@napi-rs/canvas-darwin-arm64' ]
83 verbose reify failed optional dependency /home/container/node_modules/@napi-rs/canvas-android-arm64
84 silly reify mark deleted [ '/home/container/node_modules/@napi-rs/canvas-android-arm64' ]
85 timing reifyNode:node_modules/@napi-rs/canvas-win32-x64-msvc Completed in 10ms
86 timing reifyNode:node_modules/@napi-rs/canvas-linux-arm64-musl Completed in 10ms
87 timing reifyNode:node_modules/@napi-rs/canvas-linux-arm64-gnu Completed in 10ms
88 timing reifyNode:node_modules/@napi-rs/canvas-linux-arm-gnueabihf Completed in 10ms
89 timing reifyNode:node_modules/@napi-rs/canvas-darwin-x64 Completed in 10ms
90 timing reifyNode:node_modules/@napi-rs/canvas-darwin-arm64 Completed in 10ms
91 timing reifyNode:node_modules/@napi-rs/canvas-android-arm64 Completed in 9ms
92 silly tarball no local data for safer-buffer@https://registry.npmjs.org/safer-buffer/-/safer-buffer-2.1.2.tgz. Extracting by manifest.
93 silly tarball no local data for iconv-lite@https://registry.npmjs.org/iconv-lite/-/iconv-lite-0.4.24.tgz. Extracting by manifest.
94 silly tarball no local data for psl@https://registry.npmjs.org/psl/-/psl-1.9.0.tgz. Extracting by manifest.
95 silly tarball no local data for encoding@https://registry.npmjs.org/encoding/-/encoding-0.1.12.tgz. Extracting by manifest.
96 silly tarball no local data for biskviit@https://registry.npmjs.org/biskviit/-/biskviit-1.0.1.tgz. Extracting by manifest.
97 silly tarball no local data for fetch@https://registry.npmjs.org/fetch/-/fetch-1.1.0.tgz. Extracting by manifest.
98 http fetch POST 200 https://registry.npmjs.org/-/npm/v1/security/advisories/bulk 804ms
99 timing auditReport:getReport Completed in 848ms
100 silly audit report {}
101 timing auditReport:init Completed in 0ms
102 timing reify:audit Completed in 848ms
103 http fetch GET 200 https://registry.npmjs.org/safer-buffer/-/safer-buffer-2.1.2.tgz 791ms (cache miss)
104 timing reifyNode:node_modules/safer-buffer Completed in 810ms
105 http fetch GET 200 https://registry.npmjs.org/encoding/-/encoding-0.1.12.tgz 970ms (cache miss)
106 timing reifyNode:node_modules/encoding Completed in 994ms
107 http fetch GET 200 https://registry.npmjs.org/biskviit/-/biskviit-1.0.1.tgz 976ms (cache miss)
108 timing reifyNode:node_modules/biskviit Completed in 1000ms
109 http fetch GET 200 https://registry.npmjs.org/fetch/-/fetch-1.1.0.tgz 985ms (cache miss)
110 timing reifyNode:node_modules/fetch Completed in 1009ms
111 http fetch GET 200 https://registry.npmjs.org/psl/-/psl-1.9.0.tgz 1174ms (cache miss)
112 timing reifyNode:node_modules/psl Completed in 1196ms
113 http fetch GET 200 https://registry.npmjs.org/iconv-lite/-/iconv-lite-0.4.24.tgz 1181ms (cache miss)
114 timing reifyNode:node_modules/iconv-lite Completed in 1201ms
115 timing reifyNode:node_modules/@napi-rs/canvas-linux-x64-musl Completed in 1421ms
116 timing reify:unpack Completed in 1424ms
117 timing reify:unretire Completed in 0ms
118 timing build:queue Completed in 1ms
119 info run @napi-rs/canvas-linux-x64-musl@0.1.44 install node_modules/@napi-rs/canvas-linux-x64-musl node install.js
120 info run @napi-rs/canvas-linux-x64-musl@0.1.44 install { code: 1, signal: null }
121 verbose reify failed optional dependency /home/container/node_modules/@napi-rs/canvas-linux-x64-musl
122 silly reify mark deleted [ '/home/container/node_modules/@napi-rs/canvas-linux-x64-musl' ]
123 timing build:run:install:node_modules/@napi-rs/canvas-linux-x64-musl Completed in 193ms
124 timing build:run:install Completed in 258ms
125 timing build:deps Completed in 259ms
126 timing build Completed in 260ms
127 timing reify:build Completed in 260ms
128 timing reify:trash Completed in 13ms
129 timing reify:save Completed in 211ms
130 timing reify Completed in 3812ms
131 silly ADD node_modules/safer-buffer
132 silly ADD node_modules/iconv-lite
133 silly ADD node_modules/psl
134 silly ADD node_modules/encoding
135 silly ADD node_modules/biskviit
136 silly ADD node_modules/fetch
137 silly ADD
138 silly ADD
139 silly ADD
140 silly ADD
141 silly ADD
142 silly ADD
143 silly ADD
144 silly ADD
145 timing command:i Completed in 3893ms
146 verbose exit 0
147 timing npm Completed in 4573ms
148 info ok
