0 verbose cli /usr/local/bin/node /usr/local/bin/npm
1 info using npm@9.8.1
2 info using node@v18.18.0
3 timing npm:load:whichnode Completed in 1ms
4 timing config:load:defaults Completed in 2ms
5 timing config:load:file:/usr/local/lib/node_modules/npm/npmrc Completed in 0ms
6 timing config:load:builtin Completed in 0ms
7 timing config:load:cli Completed in 2ms
8 timing config:load:env Completed in 0ms
9 timing config:load:project Completed in 1ms
10 timing config:load:file:/home/container/.npmrc Completed in 0ms
11 timing config:load:user Completed in 0ms
12 timing config:load:file:/usr/local/etc/npmrc Completed in 1ms
13 timing config:load:global Completed in 1ms
14 timing config:load:setEnvs Completed in 1ms
15 timing config:load Completed in 8ms
16 timing npm:load:configload Completed in 9ms
17 timing config:load:flatten Completed in 4ms
18 timing npm:load:mkdirpcache Completed in 1ms
19 timing npm:load:mkdirplogs Completed in 0ms
20 verbose title npm i canvas
21 verbose argv "i" "canvas"
22 timing npm:load:setTitle Completed in 1ms
23 timing npm:load:display Completed in 1ms
24 verbose logfile logs-max:10 dir:/home/container/.npm/_logs/2023-09-26T18_21_36_370Z-
25 verbose logfile /home/container/.npm/_logs/2023-09-26T18_21_36_370Z-debug-0.log
26 timing npm:load:logFile Completed in 85ms
27 timing npm:load:timers Completed in 0ms
28 timing npm:load:configScope Completed in 0ms
29 timing npm:load Completed in 195ms
30 timing arborist:ctor Completed in 0ms
31 silly logfile done cleaning log files
32 timing idealTree:init Completed in 482ms
33 timing idealTree:userRequests Completed in 2ms
34 silly idealTree buildDeps
35 silly fetch manifest canvas@*
36 timing arborist:ctor Completed in 0ms
37 http fetch GET 200 https://registry.npmjs.org/canvas 498ms (cache miss)
38 silly placeDep ROOT canvas@2.11.2 OK for: container@1.0.0 want: *
39 silly fetch manifest @mapbox/node-pre-gyp@^1.0.0
40 silly fetch manifest nan@^2.17.0
41 silly fetch manifest simple-get@^3.0.3
42 http fetch GET 200 https://registry.npmjs.org/@mapbox%2fnode-pre-gyp 86ms (cache miss)
43 http fetch GET 200 https://registry.npmjs.org/simple-get 90ms (cache miss)
44 http fetch GET 200 https://registry.npmjs.org/nan 376ms (cache miss)
45 timing idealTree:#root Completed in 891ms
46 silly placeDep ROOT @mapbox/node-pre-gyp@1.0.11 OK for: canvas@2.11.2 want: ^1.0.0
47 silly fetch manifest detect-libc@^2.0.0
48 silly fetch manifest https-proxy-agent@^5.0.0
49 silly fetch manifest make-dir@^3.1.0
50 silly fetch manifest node-fetch@^2.6.7
51 silly fetch manifest nopt@^5.0.0
52 silly fetch manifest npmlog@^5.0.1
53 silly fetch manifest rimraf@^3.0.2
54 silly fetch manifest semver@^7.3.5
55 silly fetch manifest tar@^6.1.11
56 silly placeDep ROOT nan@2.18.0 OK for: canvas@2.11.2 want: ^2.17.0
57 silly placeDep ROOT simple-get@3.1.1 OK for: canvas@2.11.2 want: ^3.0.3
58 silly fetch manifest decompress-response@^4.2.0
59 silly fetch manifest once@^1.3.1
60 silly fetch manifest simple-concat@^1.0.0
61 http fetch GET 200 https://registry.npmjs.org/https-proxy-agent 118ms (cache miss)
62 http fetch GET 200 https://registry.npmjs.org/make-dir 122ms (cache miss)
63 http fetch GET 200 https://registry.npmjs.org/simple-concat 289ms (cache miss)
64 http fetch GET 200 https://registry.npmjs.org/once 289ms (cache miss)
65 http fetch GET 200 https://registry.npmjs.org/decompress-response 293ms (cache miss)
66 http fetch GET 200 https://registry.npmjs.org/nopt 301ms (cache miss)
67 http fetch GET 200 https://registry.npmjs.org/npmlog 302ms (cache miss)
68 http fetch GET 200 https://registry.npmjs.org/rimraf 313ms (cache miss)
69 http fetch GET 200 https://registry.npmjs.org/semver 315ms (cache miss)
70 http fetch GET 200 https://registry.npmjs.org/tar 393ms (cache miss)
71 http fetch GET 200 https://registry.npmjs.org/node-fetch 399ms (cache miss)
72 http fetch GET 200 https://registry.npmjs.org/detect-libc 409ms (cache miss)
73 timing idealTree:node_modules/canvas Completed in 415ms
74 silly fetch manifest encoding@^0.1.0
75 http fetch GET 200 https://registry.npmjs.org/encoding 76ms (cache miss)
76 silly placeDep ROOT detect-libc@2.0.2 OK for: @mapbox/node-pre-gyp@1.0.11 want: ^2.0.0
77 silly placeDep ROOT https-proxy-agent@5.0.1 OK for: @mapbox/node-pre-gyp@1.0.11 want: ^5.0.0
78 silly fetch manifest agent-base@6
79 silly placeDep ROOT make-dir@3.1.0 OK for: @mapbox/node-pre-gyp@1.0.11 want: ^3.1.0
80 silly fetch manifest semver@^6.0.0
81 silly placeDep ROOT node-fetch@2.7.0 OK for: @mapbox/node-pre-gyp@1.0.11 want: ^2.6.7
82 silly fetch manifest whatwg-url@^5.0.0
83 silly placeDep ROOT nopt@5.0.0 OK for: @mapbox/node-pre-gyp@1.0.11 want: ^5.0.0
84 silly fetch manifest abbrev@1
85 silly placeDep ROOT npmlog@5.0.1 OK for: @mapbox/node-pre-gyp@1.0.11 want: ^5.0.1
86 silly fetch manifest are-we-there-yet@^2.0.0
87 silly fetch manifest console-control-strings@^1.1.0
88 silly fetch manifest gauge@^3.0.0
89 silly fetch manifest set-blocking@^2.0.0
90 silly placeDep ROOT rimraf@3.0.2 OK for: @mapbox/node-pre-gyp@1.0.11 want: ^3.0.2
91 silly fetch manifest glob@^7.1.3
92 silly placeDep ROOT semver@7.5.4 OK for: @mapbox/node-pre-gyp@1.0.11 want: ^7.3.5
93 silly fetch manifest lru-cache@^6.0.0
94 silly placeDep ROOT tar@6.2.0 OK for: @mapbox/node-pre-gyp@1.0.11 want: ^6.1.11
95 silly fetch manifest chownr@^2.0.0
96 silly fetch manifest fs-minipass@^2.0.0
97 silly fetch manifest minipass@^5.0.0
98 silly fetch manifest minizlib@^2.1.1
99 silly fetch manifest mkdirp@^1.0.3
100 silly fetch manifest yallist@^4.0.0
101 http fetch GET 200 https://registry.npmjs.org/whatwg-url 416ms (cache hit)
102 http fetch GET 200 https://registry.npmjs.org/console-control-strings 495ms (cache miss)
103 http fetch GET 200 https://registry.npmjs.org/abbrev 500ms (cache miss)
104 http fetch GET 200 https://registry.npmjs.org/fs-minipass 484ms (cache miss)
105 http fetch GET 200 https://registry.npmjs.org/minizlib 413ms (cache miss)
106 http fetch GET 200 https://registry.npmjs.org/agent-base 515ms (cache miss)
107 http fetch GET 200 https://registry.npmjs.org/chownr 492ms (cache miss)
108 http fetch GET 200 https://registry.npmjs.org/gauge 506ms (cache miss)
109 http fetch GET 200 https://registry.npmjs.org/yallist 326ms (cache miss)
110 http fetch GET 200 https://registry.npmjs.org/are-we-there-yet 512ms (cache miss)
111 http fetch GET 200 https://registry.npmjs.org/lru-cache 504ms (cache miss)
112 http fetch GET 200 https://registry.npmjs.org/minipass 502ms (cache miss)
113 http fetch GET 200 https://registry.npmjs.org/mkdirp 502ms (cache miss)
114 http fetch GET 200 https://registry.npmjs.org/glob 591ms (cache miss)
115 http fetch GET 200 https://registry.npmjs.org/set-blocking 682ms (cache miss)
116 timing idealTree:node_modules/@mapbox/node-pre-gyp Completed in 782ms
117 timing idealTree:node_modules/detect-libc Completed in 0ms
118 silly placeDep ROOT agent-base@6.0.2 OK for: https-proxy-agent@5.0.1 want: 6
119 timing idealTree:node_modules/https-proxy-agent Completed in 4ms
120 timing idealTree:node_modules/agent-base Completed in 0ms
121 silly placeDep node_modules/make-dir semver@6.3.1 OK for: make-dir@3.1.0 want: ^6.0.0
122 timing idealTree:node_modules/make-dir Completed in 3ms
123 timing idealTree:node_modules/nan Completed in 1ms
124 silly placeDep node_modules/node-fetch whatwg-url@5.0.0 OK for: node-fetch@2.7.0 want: ^5.0.0
125 silly fetch manifest tr46@~0.0.3
126 silly fetch manifest webidl-conversions@^3.0.0
127 http fetch GET 200 https://registry.npmjs.org/tr46 11ms (cache hit)
128 http fetch GET 200 https://registry.npmjs.org/webidl-conversions 12ms (cache hit)
129 timing idealTree:node_modules/node-fetch Completed in 19ms
130 silly placeDep ROOT abbrev@1.1.1 OK for: nopt@5.0.0 want: 1
131 timing idealTree:node_modules/nopt Completed in 2ms
132 timing idealTree:node_modules/abbrev Completed in 0ms
133 silly placeDep ROOT are-we-there-yet@2.0.0 OK for: npmlog@5.0.1 want: ^2.0.0
134 silly fetch manifest delegates@^1.0.0
135 silly fetch manifest readable-stream@^3.6.0
136 silly placeDep ROOT console-control-strings@1.1.0 OK for: npmlog@5.0.1 want: ^1.1.0
137 silly placeDep ROOT gauge@3.0.2 OK for: npmlog@5.0.1 want: ^3.0.0
138 silly fetch manifest aproba@^1.0.3 || ^2.0.0
139 silly fetch manifest color-support@^1.1.2
140 silly fetch manifest has-unicode@^2.0.1
141 silly fetch manifest object-assign@^4.1.1
142 silly fetch manifest signal-exit@^3.0.0
143 silly fetch manifest string-width@^4.2.3
144 silly fetch manifest strip-ansi@^6.0.1
145 silly fetch manifest wide-align@^1.1.2
146 silly placeDep ROOT set-blocking@2.0.0 OK for: npmlog@5.0.1 want: ^2.0.0
147 http fetch GET 200 https://registry.npmjs.org/object-assign 404ms (cache miss)
148 http fetch GET 200 https://registry.npmjs.org/has-unicode 407ms (cache miss)
149 http fetch GET 200 https://registry.npmjs.org/delegates 476ms (cache miss)
150 http fetch GET 200 https://registry.npmjs.org/aproba 414ms (cache miss)
151 http fetch GET 200 https://registry.npmjs.org/color-support 413ms (cache miss)
152 http fetch GET 200 https://registry.npmjs.org/signal-exit 409ms (cache miss)
153 http fetch GET 200 https://registry.npmjs.org/wide-align 406ms (cache miss)
154 http fetch GET 200 https://registry.npmjs.org/strip-ansi 409ms (cache miss)
155 http fetch GET 200 https://registry.npmjs.org/readable-stream 566ms (cache miss)
156 http fetch GET 200 https://registry.npmjs.org/string-width 497ms (cache miss)
157 timing idealTree:node_modules/npmlog Completed in 578ms
158 silly placeDep ROOT delegates@1.0.0 OK for: are-we-there-yet@2.0.0 want: ^1.0.0
159 silly placeDep ROOT readable-stream@3.6.2 OK for: are-we-there-yet@2.0.0 want: ^3.6.0
160 silly fetch manifest inherits@^2.0.3
161 silly fetch manifest string_decoder@^1.1.1
162 silly fetch manifest util-deprecate@^1.0.1
163 http fetch GET 200 https://registry.npmjs.org/inherits 29ms (cache miss)
164 http fetch GET 200 https://registry.npmjs.org/util-deprecate 91ms (cache miss)
165 http fetch GET 200 https://registry.npmjs.org/string_decoder 95ms (cache miss)
166 timing idealTree:node_modules/are-we-there-yet Completed in 102ms
167 timing idealTree:node_modules/console-control-strings Completed in 0ms
168 timing idealTree:node_modules/delegates Completed in 0ms
169 silly placeDep ROOT aproba@2.0.0 OK for: gauge@3.0.2 want: ^1.0.3 || ^2.0.0
170 silly placeDep ROOT color-support@1.1.3 OK for: gauge@3.0.2 want: ^1.1.2
171 silly placeDep ROOT has-unicode@2.0.1 OK for: gauge@3.0.2 want: ^2.0.1
172 silly placeDep ROOT object-assign@4.1.1 OK for: gauge@3.0.2 want: ^4.1.1
173 silly placeDep ROOT signal-exit@3.0.7 OK for: gauge@3.0.2 want: ^3.0.0
174 silly placeDep ROOT string-width@4.2.3 OK for: gauge@3.0.2 want: ^4.2.3
175 silly fetch manifest emoji-regex@^8.0.0
176 silly fetch manifest is-fullwidth-code-point@^3.0.0
177 silly placeDep ROOT strip-ansi@6.0.1 OK for: gauge@3.0.2 want: ^6.0.1
178 silly fetch manifest ansi-regex@^5.0.1
179 silly placeDep ROOT wide-align@1.1.5 OK for: gauge@3.0.2 want: ^1.1.2
180 http fetch GET 200 https://registry.npmjs.org/ansi-regex 101ms (cache miss)
181 http fetch GET 200 https://registry.npmjs.org/is-fullwidth-code-point 106ms (cache miss)
182 http fetch GET 200 https://registry.npmjs.org/emoji-regex 108ms (cache miss)
183 timing idealTree:node_modules/gauge Completed in 123ms
184 timing idealTree:node_modules/aproba Completed in 0ms
185 timing idealTree:node_modules/color-support Completed in 1ms
186 timing idealTree:node_modules/has-unicode Completed in 0ms
187 timing idealTree:node_modules/object-assign Completed in 0ms
188 silly placeDep ROOT inherits@2.0.4 OK for: readable-stream@3.6.2 want: ^2.0.3
189 silly placeDep ROOT string_decoder@1.3.0 OK for: readable-stream@3.6.2 want: ^1.1.1
190 silly fetch manifest safe-buffer@~5.2.0
191 silly placeDep ROOT util-deprecate@1.0.2 OK for: readable-stream@3.6.2 want: ^1.0.1
192 http fetch GET 200 https://registry.npmjs.org/safe-buffer 56ms (cache miss)
193 timing idealTree:node_modules/readable-stream Completed in 62ms
194 timing idealTree:node_modules/inherits Completed in 0ms
195 silly placeDep ROOT glob@7.2.3 OK for: rimraf@3.0.2 want: ^7.1.3
196 silly fetch manifest fs.realpath@^1.0.0
197 silly fetch manifest inflight@^1.0.4
198 silly fetch manifest minimatch@^3.1.1
199 silly fetch manifest once@^1.3.0
200 silly fetch manifest path-is-absolute@^1.0.0
201 http fetch GET 200 https://registry.npmjs.org/path-is-absolute 40ms (cache miss)
202 http fetch GET 200 https://registry.npmjs.org/fs.realpath 46ms (cache miss)
203 http fetch GET 200 https://registry.npmjs.org/minimatch 45ms (cache miss)
204 http fetch GET 200 https://registry.npmjs.org/inflight 357ms (cache miss)
205 timing idealTree:node_modules/rimraf Completed in 363ms
206 silly placeDep ROOT fs.realpath@1.0.0 OK for: glob@7.2.3 want: ^1.0.0
207 silly placeDep ROOT inflight@1.0.6 OK for: glob@7.2.3 want: ^1.0.4
208 silly fetch manifest wrappy@1
209 silly placeDep ROOT minimatch@3.1.2 OK for: glob@7.2.3 want: ^3.1.1
210 silly fetch manifest brace-expansion@^1.1.7
211 silly placeDep ROOT once@1.4.0 OK for: glob@7.2.3 want: ^1.3.0
212 silly placeDep ROOT path-is-absolute@1.0.1 OK for: glob@7.2.3 want: ^1.0.0
213 http fetch GET 200 https://registry.npmjs.org/wrappy 144ms (cache miss)
214 http fetch GET 200 https://registry.npmjs.org/brace-expansion 143ms (cache miss)
215 timing idealTree:node_modules/glob Completed in 152ms
216 timing idealTree:node_modules/fs.realpath Completed in 0ms
217 silly placeDep ROOT wrappy@1.0.2 OK for: inflight@1.0.6 want: 1
218 timing idealTree:node_modules/inflight Completed in 1ms
219 silly placeDep ROOT brace-expansion@1.1.11 OK for: minimatch@3.1.2 want: ^1.1.7
220 silly fetch manifest balanced-match@^1.0.0
221 silly fetch manifest concat-map@0.0.1
222 http fetch GET 200 https://registry.npmjs.org/balanced-match 97ms (cache miss)
223 http fetch GET 200 https://registry.npmjs.org/concat-map 97ms (cache miss)
224 timing idealTree:node_modules/minimatch Completed in 102ms
225 silly placeDep ROOT balanced-match@1.0.2 OK for: brace-expansion@1.1.11 want: ^1.0.0
226 silly placeDep ROOT concat-map@0.0.1 OK for: brace-expansion@1.1.11 want: 0.0.1
227 timing idealTree:node_modules/brace-expansion Completed in 8ms
228 timing idealTree:node_modules/balanced-match Completed in 0ms
229 timing idealTree:node_modules/concat-map Completed in 0ms
230 timing idealTree:node_modules/once Completed in 0ms
231 timing idealTree:node_modules/path-is-absolute Completed in 0ms
232 silly placeDep ROOT lru-cache@6.0.0 OK for: semver@7.5.4 want: ^6.0.0
233 timing idealTree:node_modules/semver Completed in 2ms
234 silly placeDep ROOT yallist@4.0.0 OK for: lru-cache@6.0.0 want: ^4.0.0
235 timing idealTree:node_modules/lru-cache Completed in 72ms
236 timing idealTree:node_modules/set-blocking Completed in 0ms
237 timing idealTree:node_modules/signal-exit Completed in 0ms
238 silly placeDep ROOT decompress-response@4.2.1 OK for: simple-get@3.1.1 want: ^4.2.0
239 silly fetch manifest mimic-response@^2.0.0
240 silly placeDep ROOT simple-concat@1.0.1 OK for: simple-get@3.1.1 want: ^1.0.0
241 http fetch GET 200 https://registry.npmjs.org/mimic-response 402ms (cache miss)
242 timing idealTree:node_modules/simple-get Completed in 407ms
243 silly placeDep ROOT mimic-response@2.1.0 OK for: decompress-response@4.2.1 want: ^2.0.0
244 timing idealTree:node_modules/decompress-response Completed in 3ms
245 timing idealTree:node_modules/mimic-response Completed in 0ms
246 timing idealTree:node_modules/simple-concat Completed in 0ms
247 silly placeDep ROOT safe-buffer@5.2.1 OK for: string_decoder@1.3.0 want: ~5.2.0
248 timing idealTree:node_modules/string_decoder Completed in 4ms
249 timing idealTree:node_modules/safe-buffer Completed in 0ms
250 silly placeDep ROOT emoji-regex@8.0.0 OK for: string-width@4.2.3 want: ^8.0.0
251 silly placeDep ROOT is-fullwidth-code-point@3.0.0 OK for: string-width@4.2.3 want: ^3.0.0
252 timing idealTree:node_modules/string-width Completed in 4ms
253 timing idealTree:node_modules/emoji-regex Completed in 0ms
254 timing idealTree:node_modules/is-fullwidth-code-point Completed in 0ms
255 silly placeDep ROOT ansi-regex@5.0.1 OK for: strip-ansi@6.0.1 want: ^5.0.1
256 timing idealTree:node_modules/strip-ansi Completed in 2ms
257 timing idealTree:node_modules/ansi-regex Completed in 0ms
258 silly placeDep ROOT chownr@2.0.0 OK for: tar@6.2.0 want: ^2.0.0
259 silly placeDep ROOT fs-minipass@2.1.0 OK for: tar@6.2.0 want: ^2.0.0
260 silly fetch manifest minipass@^3.0.0
261 silly placeDep ROOT minipass@5.0.0 OK for: tar@6.2.0 want: ^5.0.0
262 silly placeDep ROOT minizlib@2.1.2 OK for: tar@6.2.0 want: ^2.1.1
263 silly placeDep ROOT mkdirp@1.0.4 OK for: tar@6.2.0 want: ^1.0.3
264 timing idealTree:node_modules/tar Completed in 14ms
265 timing idealTree:node_modules/chownr Completed in 0ms
266 silly placeDep node_modules/fs-minipass minipass@3.3.6 OK for: fs-minipass@2.1.0 want: ^3.0.0
267 timing idealTree:node_modules/fs-minipass Completed in 2ms
268 timing idealTree:node_modules/minipass Completed in 0ms
269 silly placeDep node_modules/minizlib minipass@3.3.6 OK for: minizlib@2.1.2 want: ^3.0.0
270 timing idealTree:node_modules/minizlib Completed in 2ms
271 timing idealTree:node_modules/mkdirp Completed in 0ms
272 timing idealTree:node_modules/util-deprecate Completed in 0ms
273 timing idealTree:node_modules/wide-align Completed in 0ms
274 timing idealTree:node_modules/wrappy Completed in 0ms
275 timing idealTree:node_modules/yallist Completed in 0ms
276 timing idealTree:node_modules/fs-minipass/node_modules/minipass Completed in 0ms
277 timing idealTree:node_modules/make-dir/node_modules/semver Completed in 0ms
278 timing idealTree:node_modules/minizlib/node_modules/minipass Completed in 0ms
279 silly placeDep node_modules/node-fetch tr46@0.0.3 OK for: whatwg-url@5.0.0 want: ~0.0.3
280 silly placeDep node_modules/node-fetch webidl-conversions@3.0.1 OK for: whatwg-url@5.0.0 want: ^3.0.0
281 timing idealTree:node_modules/node-fetch/node_modules/whatwg-url Completed in 62ms
282 timing idealTree:node_modules/node-fetch/node_modules/tr46 Completed in 0ms
283 timing idealTree:node_modules/node-fetch/node_modules/webidl-conversions Completed in 0ms
284 timing idealTree:buildDeps Completed in 4190ms
285 timing idealTree:fixDepFlags Completed in 5ms
286 timing idealTree Completed in 4683ms
287 timing reify:loadTrees Completed in 4685ms
288 timing reify:diffTrees Completed in 9ms
289 silly reify moves {}
290 timing reify:retireShallow Completed in 2ms
291 timing reify:createSparse Completed in 79ms
292 timing reify:loadBundles Completed in 0ms
293 silly audit bulk request {
293 silly audit   '@aws-crypto/crc32': [ '3.0.0' ],
293 silly audit   tslib: [ '1.14.1', '2.6.2' ],
293 silly audit   '@aws-crypto/ie11-detection': [ '3.0.0' ],
293 silly audit   '@aws-crypto/sha256-browser': [ '3.0.0' ],
293 silly audit   '@aws-crypto/sha256-js': [ '3.0.0' ],
293 silly audit   '@aws-crypto/supports-web-crypto': [ '3.0.0' ],
293 silly audit   '@aws-crypto/util': [ '3.0.0' ],
293 silly audit   '@aws-sdk/client-cognito-identity': [ '3.418.0' ],
293 silly audit   '@aws-sdk/client-sso': [ '3.418.0' ],
293 silly audit   '@aws-sdk/client-sts': [ '3.418.0' ],
293 silly audit   '@aws-sdk/credential-provider-cognito-identity': [ '3.418.0' ],
293 silly audit   '@aws-sdk/credential-provider-env': [ '3.418.0' ],
293 silly audit   '@aws-sdk/credential-provider-ini': [ '3.418.0' ],
293 silly audit   '@aws-sdk/credential-provider-node': [ '3.418.0' ],
293 silly audit   '@aws-sdk/credential-provider-process': [ '3.418.0' ],
293 silly audit   '@aws-sdk/credential-provider-sso': [ '3.418.0' ],
293 silly audit   '@aws-sdk/credential-provider-web-identity': [ '3.418.0' ],
293 silly audit   '@aws-sdk/credential-providers': [ '3.418.0' ],
293 silly audit   '@aws-sdk/middleware-host-header': [ '3.418.0' ],
293 silly audit   '@aws-sdk/middleware-logger': [ '3.418.0' ],
293 silly audit   '@aws-sdk/middleware-recursion-detection': [ '3.418.0' ],
293 silly audit   '@aws-sdk/middleware-sdk-sts': [ '3.418.0' ],
293 silly audit   '@aws-sdk/middleware-signing': [ '3.418.0' ],
293 silly audit   '@aws-sdk/middleware-user-agent': [ '3.418.0' ],
293 silly audit   '@aws-sdk/region-config-resolver': [ '3.418.0' ],
293 silly audit   '@aws-sdk/token-providers': [ '3.418.0' ],
293 silly audit   '@aws-sdk/types': [ '3.418.0' ],
293 silly audit   '@aws-sdk/util-endpoints': [ '3.418.0' ],
293 silly audit   '@aws-sdk/util-locate-window': [ '3.310.0' ],
293 silly audit   '@aws-sdk/util-user-agent-browser': [ '3.418.0' ],
293 silly audit   '@aws-sdk/util-user-agent-node': [ '3.418.0' ],
293 silly audit   '@aws-sdk/util-utf8-browser': [ '3.259.0' ],
293 silly audit   '@discordjs/builders': [ '1.6.5' ],
293 silly audit   '@discordjs/collection': [ '1.5.3' ],
293 silly audit   '@discordjs/formatters': [ '0.3.2' ],
293 silly audit   '@discordjs/rest': [ '2.0.1' ],
293 silly audit   '@discordjs/util': [ '1.0.1' ],
293 silly audit   '@discordjs/ws': [ '1.0.1' ],
293 silly audit   '@mongodb-js/saslprep': [ '1.1.0' ],
293 silly audit   '@sapphire/async-queue': [ '1.5.0' ],
293 silly audit   '@sapphire/shapeshift': [ '3.9.2' ],
293 silly audit   '@sapphire/snowflake': [ '3.5.1' ],
293 silly audit   '@smithy/abort-controller': [ '2.0.9' ],
293 silly audit   '@smithy/config-resolver': [ '2.0.10' ],
293 silly audit   '@smithy/credential-provider-imds': [ '2.0.12' ],
293 silly audit   '@smithy/eventstream-codec': [ '2.0.9' ],
293 silly audit   '@smithy/fetch-http-handler': [ '2.1.5' ],
293 silly audit   '@smithy/hash-node': [ '2.0.9' ],
293 silly audit   '@smithy/invalid-dependency': [ '2.0.9' ],
293 silly audit   '@smithy/is-array-buffer': [ '2.0.0' ],
293 silly audit   '@smithy/middleware-content-length': [ '2.0.11' ],
293 silly audit   '@smithy/middleware-endpoint': [ '2.0.9' ],
293 silly audit   '@smithy/middleware-retry': [ '2.0.12' ],
293 silly audit   '@smithy/middleware-serde': [ '2.0.9' ],
293 silly audit   '@smithy/middleware-stack': [ '2.0.3' ],
293 silly audit   '@smithy/node-config-provider': [ '2.0.12' ],
293 silly audit   '@smithy/node-http-handler': [ '2.1.5' ],
293 silly audit   '@smithy/property-provider': [ '2.0.10' ],
293 silly audit   '@smithy/protocol-http': [ '3.0.5' ],
293 silly audit   '@smithy/querystring-builder': [ '2.0.9' ],
293 silly audit   '@smithy/querystring-parser': [ '2.0.9' ],
293 silly audit   '@smithy/service-error-classification': [ '2.0.2' ],
293 silly audit   '@smithy/shared-ini-file-loader': [ '2.0.11' ],
293 silly audit   '@smithy/signature-v4': [ '2.0.9' ],
293 silly audit   '@smithy/smithy-client': [ '2.1.7' ],
293 silly audit   '@smithy/types': [ '2.3.3' ],
293 silly audit   '@smithy/url-parser': [ '2.0.9' ],
293 silly audit   '@smithy/util-base64': [ '2.0.0' ],
293 silly audit   '@smithy/util-body-length-browser': [ '2.0.0' ],
293 silly audit   '@smithy/util-body-length-node': [ '2.1.0' ],
293 silly audit   '@smithy/util-buffer-from': [ '2.0.0' ],
293 silly audit   '@smithy/util-config-provider': [ '2.0.0' ],
293 silly audit   '@smithy/util-defaults-mode-browser': [ '2.0.11' ],
293 silly audit   '@smithy/util-defaults-mode-node': [ '2.0.13' ],
293 silly audit   '@smithy/util-hex-encoding': [ '2.0.0' ],
293 silly audit   '@smithy/util-middleware': [ '2.0.2' ],
293 silly audit   '@smithy/util-retry': [ '2.0.2' ],
293 silly audit   '@smithy/util-stream': [ '2.0.12' ],
293 silly audit   '@smithy/util-uri-escape': [ '2.0.0' ],
293 silly audit   '@smithy/util-utf8': [ '2.0.0' ],
293 silly audit   '@types/node': [ '20.7.0' ],
293 silly audit   '@types/webidl-conversions': [ '7.0.1' ],
293 silly audit   '@types/whatwg-url': [ '8.2.2' ],
293 silly audit   '@types/ws': [ '8.5.6' ],
293 silly audit   '@vladfrangu/async_event_emitter': [ '2.2.2' ],
293 silly audit   'base64-js': [ '1.5.1' ],
293 silly audit   bowser: [ '2.11.0' ],
293 silly audit   bson: [ '4.7.2', '6.1.0' ],
293 silly audit   buffer: [ '5.7.1' ],
293 silly audit   busboy: [ '1.6.0' ],
293 silly audit   debug: [ '4.3.4' ],
293 silly audit   ms: [ '2.1.2', '2.1.3' ],
293 silly audit   'discord-api-types': [ '0.37.50' ],
293 silly audit   'discord.js': [ '14.13.0' ],
293 silly audit   'fast-deep-equal': [ '3.1.3' ],
293 silly audit   'fast-xml-parser': [ '4.2.5' ],
293 silly audit   ieee754: [ '1.2.1' ],
293 silly audit   ip: [ '2.0.0' ],
293 silly audit   kareem: [ '2.5.1' ],
293 silly audit   lodash: [ '4.17.21' ],
293 silly audit   'lodash.snakecase': [ '4.1.1' ],
293 silly audit   'magic-bytes.js': [ '1.0.19' ],
293 silly audit   'memory-pager': [ '1.5.0' ],
293 silly audit   mongodb: [ '6.1.0', '4.17.1' ],
293 silly audit   'mongodb-connection-string-url': [ '2.6.0' ],
293 silly audit   mongoose: [ '6.12.0' ],
293 silly audit   mpath: [ '0.9.0' ],
293 silly audit   mquery: [ '4.0.3' ],
293 silly audit   punycode: [ '2.3.0' ],
293 silly audit   sift: [ '16.0.1' ],
293 silly audit   'smart-buffer': [ '4.2.0' ],
293 silly audit   socks: [ '2.7.1' ],
293 silly audit   'sparse-bitfield': [ '3.0.3' ],
293 silly audit   streamsearch: [ '1.1.0' ],
293 silly audit   strnum: [ '1.0.5' ],
293 silly audit   tr46: [ '3.0.0', '0.0.3' ],
293 silly audit   'ts-mixer': [ '6.0.3' ],
293 silly audit   undici: [ '5.22.1' ],
293 silly audit   uuid: [ '8.3.2' ],
293 silly audit   'webidl-conversions': [ '7.0.0', '3.0.1' ],
293 silly audit   'whatwg-url': [ '11.0.0', '5.0.0' ],
293 silly audit   ws: [ '8.14.2' ],
293 silly audit   canvas: [ '2.11.2' ],
293 silly audit   '@mapbox/node-pre-gyp': [ '1.0.11' ],
293 silly audit   nan: [ '2.18.0' ],
293 silly audit   'simple-get': [ '3.1.1' ],
293 silly audit   'detect-libc': [ '2.0.2' ],
293 silly audit   'https-proxy-agent': [ '5.0.1' ],
293 silly audit   'make-dir': [ '3.1.0' ],
293 silly audit   'node-fetch': [ '2.7.0' ],
293 silly audit   nopt: [ '5.0.0' ],
293 silly audit   npmlog: [ '5.0.1' ],
293 silly audit   rimraf: [ '3.0.2' ],
293 silly audit   semver: [ '7.5.4', '6.3.1' ],
293 silly audit   tar: [ '6.2.0' ],
293 silly audit   'agent-base': [ '6.0.2' ],
293 silly audit   abbrev: [ '1.1.1' ],
293 silly audit   'are-we-there-yet': [ '2.0.0' ],
293 silly audit   'console-control-strings': [ '1.1.0' ],
293 silly audit   gauge: [ '3.0.2' ],
293 silly audit   'set-blocking': [ '2.0.0' ],
293 silly audit   delegates: [ '1.0.0' ],
293 silly audit   'readable-stream': [ '3.6.2' ],
293 silly audit   aproba: [ '2.0.0' ],
293 silly audit   'color-support': [ '1.1.3' ],
293 silly audit   'has-unicode': [ '2.0.1' ],
293 silly audit   'object-assign': [ '4.1.1' ],
293 silly audit   'signal-exit': [ '3.0.7' ],
293 silly audit   'string-width': [ '4.2.3' ],
293 silly audit   'strip-ansi': [ '6.0.1' ],
293 silly audit   'wide-align': [ '1.1.5' ],
293 silly audit   inherits: [ '2.0.4' ],
293 silly audit   string_decoder: [ '1.3.0' ],
293 silly audit   'util-deprecate': [ '1.0.2' ],
293 silly audit   glob: [ '7.2.3' ],
293 silly audit   'fs.realpath': [ '1.0.0' ],
293 silly audit   inflight: [ '1.0.6' ],
293 silly audit   minimatch: [ '3.1.2' ],
293 silly audit   once: [ '1.4.0' ],
293 silly audit   'path-is-absolute': [ '1.0.1' ],
293 silly audit   wrappy: [ '1.0.2' ],
293 silly audit   'brace-expansion': [ '1.1.11' ],
293 silly audit   'balanced-match': [ '1.0.2' ],
293 silly audit   'concat-map': [ '0.0.1' ],
293 silly audit   'lru-cache': [ '6.0.0' ],
293 silly audit   yallist: [ '4.0.0' ],
293 silly audit   'decompress-response': [ '4.2.1' ],
293 silly audit   'simple-concat': [ '1.0.1' ],
293 silly audit   'mimic-response': [ '2.1.0' ],
293 silly audit   'safe-buffer': [ '5.2.1' ],
293 silly audit   'emoji-regex': [ '8.0.0' ],
293 silly audit   'is-fullwidth-code-point': [ '3.0.0' ],
293 silly audit   'ansi-regex': [ '5.0.1' ],
293 silly audit   chownr: [ '2.0.0' ],
293 silly audit   'fs-minipass': [ '2.1.0' ],
293 silly audit   minipass: [ '5.0.0', '3.3.6' ],
293 silly audit   minizlib: [ '2.1.2' ],
293 silly audit   mkdirp: [ '1.0.4' ]
293 silly audit }
294 silly tarball no local data for mkdirp@https://registry.npmjs.org/mkdirp/-/mkdirp-1.0.4.tgz. Extracting by manifest.
295 silly tarball no local data for fs-minipass@https://registry.npmjs.org/fs-minipass/-/fs-minipass-2.1.0.tgz. Extracting by manifest.
296 silly tarball no local data for minizlib@https://registry.npmjs.org/minizlib/-/minizlib-2.1.2.tgz. Extracting by manifest.
297 silly tarball no local data for minipass@https://registry.npmjs.org/minipass/-/minipass-5.0.0.tgz. Extracting by manifest.
298 silly tarball no local data for chownr@https://registry.npmjs.org/chownr/-/chownr-2.0.0.tgz. Extracting by manifest.
299 silly tarball no local data for is-fullwidth-code-point@https://registry.npmjs.org/is-fullwidth-code-point/-/is-fullwidth-code-point-3.0.0.tgz. Extracting by manifest.
300 silly tarball no local data for emoji-regex@https://registry.npmjs.org/emoji-regex/-/emoji-regex-8.0.0.tgz. Extracting by manifest.
301 silly tarball no local data for safe-buffer@https://registry.npmjs.org/safe-buffer/-/safe-buffer-5.2.1.tgz. Extracting by manifest.
302 silly tarball no local data for mimic-response@https://registry.npmjs.org/mimic-response/-/mimic-response-2.1.0.tgz. Extracting by manifest.
303 silly tarball no local data for simple-concat@https://registry.npmjs.org/simple-concat/-/simple-concat-1.0.1.tgz. Extracting by manifest.
304 silly tarball no local data for ansi-regex@https://registry.npmjs.org/ansi-regex/-/ansi-regex-5.0.1.tgz. Extracting by manifest.
305 silly tarball no local data for decompress-response@https://registry.npmjs.org/decompress-response/-/decompress-response-4.2.1.tgz. Extracting by manifest.
306 silly tarball no local data for yallist@https://registry.npmjs.org/yallist/-/yallist-4.0.0.tgz. Extracting by manifest.
307 silly tarball no local data for lru-cache@https://registry.npmjs.org/lru-cache/-/lru-cache-6.0.0.tgz. Extracting by manifest.
308 silly tarball no local data for concat-map@https://registry.npmjs.org/concat-map/-/concat-map-0.0.1.tgz. Extracting by manifest.
309 silly tarball no local data for balanced-match@https://registry.npmjs.org/balanced-match/-/balanced-match-1.0.2.tgz. Extracting by manifest.
310 silly tarball no local data for wrappy@https://registry.npmjs.org/wrappy/-/wrappy-1.0.2.tgz. Extracting by manifest.
311 silly tarball no local data for brace-expansion@https://registry.npmjs.org/brace-expansion/-/brace-expansion-1.1.11.tgz. Extracting by manifest.
312 silly tarball no local data for path-is-absolute@https://registry.npmjs.org/path-is-absolute/-/path-is-absolute-1.0.1.tgz. Extracting by manifest.
313 silly tarball no local data for once@https://registry.npmjs.org/once/-/once-1.4.0.tgz. Extracting by manifest.
314 silly tarball no local data for inflight@https://registry.npmjs.org/inflight/-/inflight-1.0.6.tgz. Extracting by manifest.
315 silly tarball no local data for fs.realpath@https://registry.npmjs.org/fs.realpath/-/fs.realpath-1.0.0.tgz. Extracting by manifest.
316 silly tarball no local data for glob@https://registry.npmjs.org/glob/-/glob-7.2.3.tgz. Extracting by manifest.
317 silly tarball no local data for util-deprecate@https://registry.npmjs.org/util-deprecate/-/util-deprecate-1.0.2.tgz. Extracting by manifest.
318 silly tarball no local data for minimatch@https://registry.npmjs.org/minimatch/-/minimatch-3.1.2.tgz. Extracting by manifest.
319 silly tarball no local data for wide-align@https://registry.npmjs.org/wide-align/-/wide-align-1.1.5.tgz. Extracting by manifest.
320 silly tarball no local data for strip-ansi@https://registry.npmjs.org/strip-ansi/-/strip-ansi-6.0.1.tgz. Extracting by manifest.
321 silly tarball no local data for string_decoder@https://registry.npmjs.org/string_decoder/-/string_decoder-1.3.0.tgz. Extracting by manifest.
322 silly tarball no local data for inherits@https://registry.npmjs.org/inherits/-/inherits-2.0.4.tgz. Extracting by manifest.
323 silly tarball no local data for string-width@https://registry.npmjs.org/string-width/-/string-width-4.2.3.tgz. Extracting by manifest.
324 silly tarball no local data for object-assign@https://registry.npmjs.org/object-assign/-/object-assign-4.1.1.tgz. Extracting by manifest.
325 silly tarball no local data for has-unicode@https://registry.npmjs.org/has-unicode/-/has-unicode-2.0.1.tgz. Extracting by manifest.
326 silly tarball no local data for readable-stream@https://registry.npmjs.org/readable-stream/-/readable-stream-3.6.2.tgz. Extracting by manifest.
327 silly tarball no local data for color-support@https://registry.npmjs.org/color-support/-/color-support-1.1.3.tgz. Extracting by manifest.
328 silly tarball no local data for delegates@https://registry.npmjs.org/delegates/-/delegates-1.0.0.tgz. Extracting by manifest.
329 silly tarball no local data for aproba@https://registry.npmjs.org/aproba/-/aproba-2.0.0.tgz. Extracting by manifest.
330 silly tarball no local data for set-blocking@https://registry.npmjs.org/set-blocking/-/set-blocking-2.0.0.tgz. Extracting by manifest.
331 silly tarball no local data for signal-exit@https://registry.npmjs.org/signal-exit/-/signal-exit-3.0.7.tgz. Extracting by manifest.
332 silly tarball no local data for gauge@https://registry.npmjs.org/gauge/-/gauge-3.0.2.tgz. Extracting by manifest.
333 silly tarball no local data for console-control-strings@https://registry.npmjs.org/console-control-strings/-/console-control-strings-1.1.0.tgz. Extracting by manifest.
334 silly tarball no local data for abbrev@https://registry.npmjs.org/abbrev/-/abbrev-1.1.1.tgz. Extracting by manifest.
335 silly tarball no local data for agent-base@https://registry.npmjs.org/agent-base/-/agent-base-6.0.2.tgz. Extracting by manifest.
336 silly tarball no local data for tar@https://registry.npmjs.org/tar/-/tar-6.2.0.tgz. Extracting by manifest.
337 silly tarball no local data for semver@https://registry.npmjs.org/semver/-/semver-7.5.4.tgz. Extracting by manifest.
338 silly tarball no local data for npmlog@https://registry.npmjs.org/npmlog/-/npmlog-5.0.1.tgz. Extracting by manifest.
339 silly tarball no local data for rimraf@https://registry.npmjs.org/rimraf/-/rimraf-3.0.2.tgz. Extracting by manifest.
340 silly tarball no local data for nopt@https://registry.npmjs.org/nopt/-/nopt-5.0.0.tgz. Extracting by manifest.
341 silly tarball no local data for node-fetch@https://registry.npmjs.org/node-fetch/-/node-fetch-2.7.0.tgz. Extracting by manifest.
342 silly tarball no local data for make-dir@https://registry.npmjs.org/make-dir/-/make-dir-3.1.0.tgz. Extracting by manifest.
343 silly tarball no local data for https-proxy-agent@https://registry.npmjs.org/https-proxy-agent/-/https-proxy-agent-5.0.1.tgz. Extracting by manifest.
344 silly tarball no local data for detect-libc@https://registry.npmjs.org/detect-libc/-/detect-libc-2.0.2.tgz. Extracting by manifest.
345 silly tarball no local data for simple-get@https://registry.npmjs.org/simple-get/-/simple-get-3.1.1.tgz. Extracting by manifest.
346 silly tarball no local data for nan@https://registry.npmjs.org/nan/-/nan-2.18.0.tgz. Extracting by manifest.
347 silly tarball no local data for @mapbox/node-pre-gyp@https://registry.npmjs.org/@mapbox/node-pre-gyp/-/node-pre-gyp-1.0.11.tgz. Extracting by manifest.
348 silly tarball no local data for are-we-there-yet@https://registry.npmjs.org/are-we-there-yet/-/are-we-there-yet-2.0.0.tgz. Extracting by manifest.
349 silly tarball no local data for minipass@https://registry.npmjs.org/minipass/-/minipass-3.3.6.tgz. Extracting by manifest.
350 silly tarball no local data for minipass@https://registry.npmjs.org/minipass/-/minipass-3.3.6.tgz. Extracting by manifest.
351 silly tarball no local data for webidl-conversions@https://registry.npmjs.org/webidl-conversions/-/webidl-conversions-3.0.1.tgz. Extracting by manifest.
352 silly tarball no local data for whatwg-url@https://registry.npmjs.org/whatwg-url/-/whatwg-url-5.0.0.tgz. Extracting by manifest.
353 silly tarball no local data for tr46@https://registry.npmjs.org/tr46/-/tr46-0.0.3.tgz. Extracting by manifest.
354 silly tarball no local data for canvas@https://registry.npmjs.org/canvas/-/canvas-2.11.2.tgz. Extracting by manifest.
355 silly tarball no local data for semver@https://registry.npmjs.org/semver/-/semver-6.3.1.tgz. Extracting by manifest.
356 http fetch POST 200 https://registry.npmjs.org/-/npm/v1/security/advisories/bulk 1285ms
357 timing auditReport:getReport Completed in 1296ms
358 silly audit report {}
359 timing auditReport:init Completed in 0ms
360 timing reify:audit Completed in 1298ms
361 http fetch GET 200 https://registry.npmjs.org/emoji-regex/-/emoji-regex-8.0.0.tgz 2585ms (cache miss)
362 http fetch GET 200 https://registry.npmjs.org/simple-concat/-/simple-concat-1.0.1.tgz 2580ms (cache miss)
363 timing reifyNode:node_modules/simple-concat Completed in 2789ms
364 http fetch GET 200 https://registry.npmjs.org/is-fullwidth-code-point/-/is-fullwidth-code-point-3.0.0.tgz 2587ms (cache miss)
365 timing reifyNode:node_modules/is-fullwidth-code-point Completed in 2790ms
366 http fetch GET 200 https://registry.npmjs.org/fs-minipass/-/fs-minipass-2.1.0.tgz 2600ms (cache miss)
367 timing reifyNode:node_modules/fs-minipass Completed in 2798ms
368 timing reifyNode:node_modules/emoji-regex Completed in 2797ms
369 http fetch GET 200 https://registry.npmjs.org/balanced-match/-/balanced-match-1.0.2.tgz 2516ms (cache miss)
370 timing reifyNode:node_modules/balanced-match Completed in 2796ms
371 http fetch GET 200 https://registry.npmjs.org/wrappy/-/wrappy-1.0.2.tgz 2515ms (cache miss)
372 timing reifyNode:node_modules/wrappy Completed in 2796ms
373 http fetch GET 200 https://registry.npmjs.org/once/-/once-1.4.0.tgz 2511ms (cache miss)
374 timing reifyNode:node_modules/once Completed in 2795ms
375 http fetch GET 200 https://registry.npmjs.org/util-deprecate/-/util-deprecate-1.0.2.tgz 2506ms (cache miss)
376 timing reifyNode:node_modules/util-deprecate Completed in 2796ms
377 http fetch GET 200 https://registry.npmjs.org/concat-map/-/concat-map-0.0.1.tgz 2519ms (cache miss)
378 timing reifyNode:node_modules/concat-map Completed in 2798ms
379 http fetch GET 200 https://registry.npmjs.org/safe-buffer/-/safe-buffer-5.2.1.tgz 2598ms (cache miss)
380 timing reifyNode:node_modules/safe-buffer Completed in 2804ms
381 http fetch GET 200 https://registry.npmjs.org/ansi-regex/-/ansi-regex-5.0.1.tgz 2594ms (cache miss)
382 timing reifyNode:node_modules/ansi-regex Completed in 2806ms
383 http fetch GET 200 https://registry.npmjs.org/chownr/-/chownr-2.0.0.tgz 2606ms (cache miss)
384 timing reifyNode:node_modules/chownr Completed in 2807ms
385 http fetch GET 200 https://registry.npmjs.org/inflight/-/inflight-1.0.6.tgz 2519ms (cache miss)
386 timing reifyNode:node_modules/inflight Completed in 2804ms
387 http fetch GET 200 https://registry.npmjs.org/inherits/-/inherits-2.0.4.tgz 2429ms (cache miss)
388 timing reifyNode:node_modules/inherits Completed in 2805ms
389 http fetch GET 200 https://registry.npmjs.org/object-assign/-/object-assign-4.1.1.tgz 2421ms (cache miss)
390 timing reifyNode:node_modules/object-assign Completed in 2805ms
391 http fetch GET 200 https://registry.npmjs.org/mkdirp/-/mkdirp-1.0.4.tgz 2693ms (cache miss)
392 http fetch GET 200 https://registry.npmjs.org/yallist/-/yallist-4.0.0.tgz 2670ms (cache miss)
393 timing reifyNode:node_modules/yallist Completed in 2882ms
394 http fetch GET 200 https://registry.npmjs.org/minipass/-/minipass-5.0.0.tgz 2683ms (cache miss)
395 timing reifyNode:node_modules/minipass Completed in 2884ms
396 http fetch GET 200 https://registry.npmjs.org/path-is-absolute/-/path-is-absolute-1.0.1.tgz 2599ms (cache miss)
397 timing reifyNode:node_modules/path-is-absolute Completed in 2881ms
398 http fetch GET 200 https://registry.npmjs.org/glob/-/glob-7.2.3.tgz 2593ms (cache miss)
399 timing reifyNode:node_modules/glob Completed in 2881ms
400 http fetch GET 200 https://registry.npmjs.org/wide-align/-/wide-align-1.1.5.tgz 2586ms (cache miss)
401 timing reifyNode:node_modules/wide-align Completed in 2881ms
402 http fetch GET 200 https://registry.npmjs.org/minimatch/-/minimatch-3.1.2.tgz 2590ms (cache miss)
403 timing reifyNode:node_modules/minimatch Completed in 2882ms
404 http fetch GET 200 https://registry.npmjs.org/strip-ansi/-/strip-ansi-6.0.1.tgz 2583ms (cache miss)
405 timing reifyNode:node_modules/strip-ansi Completed in 2881ms
406 http fetch GET 200 https://registry.npmjs.org/aproba/-/aproba-2.0.0.tgz 2307ms (cache miss)
407 timing reifyNode:node_modules/aproba Completed in 2882ms
408 http fetch GET 200 https://registry.npmjs.org/set-blocking/-/set-blocking-2.0.0.tgz 2308ms (cache miss)
409 timing reifyNode:node_modules/set-blocking Completed in 2883ms
410 http fetch GET 200 https://registry.npmjs.org/console-control-strings/-/console-control-strings-1.1.0.tgz 2302ms (cache miss)
411 timing reifyNode:node_modules/console-control-strings Completed in 2884ms
412 http fetch GET 200 https://registry.npmjs.org/minizlib/-/minizlib-2.1.2.tgz 2695ms (cache miss)
413 timing reifyNode:node_modules/minizlib Completed in 2895ms
414 http fetch GET 200 https://registry.npmjs.org/decompress-response/-/decompress-response-4.2.1.tgz 2682ms (cache miss)
415 timing reifyNode:node_modules/decompress-response Completed in 2893ms
416 http fetch GET 200 https://registry.npmjs.org/brace-expansion/-/brace-expansion-1.1.11.tgz 2610ms (cache miss)
417 timing reifyNode:node_modules/brace-expansion Completed in 2894ms
418 http fetch GET 200 https://registry.npmjs.org/fs.realpath/-/fs.realpath-1.0.0.tgz 2605ms (cache miss)
419 timing reifyNode:node_modules/fs.realpath Completed in 2892ms
420 http fetch GET 200 https://registry.npmjs.org/string-width/-/string-width-4.2.3.tgz 2511ms (cache miss)
421 timing reifyNode:node_modules/string-width Completed in 2891ms
422 http fetch GET 200 https://registry.npmjs.org/has-unicode/-/has-unicode-2.0.1.tgz 2504ms (cache miss)
423 timing reifyNode:node_modules/has-unicode Completed in 2892ms
424 http fetch GET 200 https://registry.npmjs.org/npmlog/-/npmlog-5.0.1.tgz 2303ms (cache miss)
425 timing reifyNode:node_modules/npmlog Completed in 2890ms
426 http fetch GET 200 https://registry.npmjs.org/signal-exit/-/signal-exit-3.0.7.tgz 2315ms (cache miss)
427 timing reifyNode:node_modules/signal-exit Completed in 2893ms
428 timing reifyNode:node_modules/mkdirp Completed in 2902ms
429 http fetch GET 200 https://registry.npmjs.org/agent-base/-/agent-base-6.0.2.tgz 2313ms (cache miss)
430 http fetch GET 200 https://registry.npmjs.org/webidl-conversions/-/webidl-conversions-3.0.1.tgz 2217ms (cache miss)
431 timing reifyNode:node_modules/node-fetch/node_modules/webidl-conversions Completed in 2899ms
432 http fetch GET 200 https://registry.npmjs.org/mimic-response/-/mimic-response-2.1.0.tgz 2699ms (cache miss)
433 timing reifyNode:node_modules/mimic-response Completed in 2905ms
434 http fetch GET 200 https://registry.npmjs.org/color-support/-/color-support-1.1.3.tgz 2417ms (cache miss)
435 timing reifyNode:node_modules/color-support Completed in 2903ms
436 http fetch GET 200 https://registry.npmjs.org/delegates/-/delegates-1.0.0.tgz 2415ms (cache miss)
437 timing reifyNode:node_modules/delegates Completed in 2902ms
438 http fetch GET 200 https://registry.npmjs.org/rimraf/-/rimraf-3.0.2.tgz 2389ms (cache miss)
439 timing reifyNode:node_modules/rimraf Completed in 2978ms
440 http fetch GET 200 https://registry.npmjs.org/lru-cache/-/lru-cache-6.0.0.tgz 2708ms (cache miss)
441 timing reifyNode:node_modules/lru-cache Completed in 2986ms
442 http fetch GET 200 https://registry.npmjs.org/abbrev/-/abbrev-1.1.1.tgz 2400ms (cache miss)
443 timing reifyNode:node_modules/abbrev Completed in 2982ms
444 http fetch GET 200 https://registry.npmjs.org/detect-libc/-/detect-libc-2.0.2.tgz 2385ms (cache miss)
445 timing reifyNode:node_modules/detect-libc Completed in 2981ms
446 http fetch GET 200 https://registry.npmjs.org/nopt/-/nopt-5.0.0.tgz 2394ms (cache miss)
447 timing reifyNode:node_modules/nopt Completed in 2985ms
448 http fetch GET 200 https://registry.npmjs.org/string_decoder/-/string_decoder-1.3.0.tgz 2689ms (cache miss)
449 timing reifyNode:node_modules/string_decoder Completed in 2992ms
450 http fetch GET 200 https://registry.npmjs.org/https-proxy-agent/-/https-proxy-agent-5.0.1.tgz 2397ms (cache miss)
451 timing reifyNode:node_modules/https-proxy-agent Completed in 2991ms
452 http fetch GET 200 https://registry.npmjs.org/are-we-there-yet/-/are-we-there-yet-2.0.0.tgz 2318ms (cache miss)
453 timing reifyNode:node_modules/are-we-there-yet Completed in 2994ms
454 timing reifyNode:node_modules/agent-base Completed in 2995ms
455 http fetch GET 200 https://registry.npmjs.org/simple-get/-/simple-get-3.1.1.tgz 2397ms (cache miss)
456 timing reifyNode:node_modules/simple-get Completed in 2994ms
457 http fetch GET 200 https://registry.npmjs.org/make-dir/-/make-dir-3.1.0.tgz 2402ms (cache miss)
458 timing reifyNode:node_modules/make-dir Completed in 2994ms
459 http fetch GET 200 https://registry.npmjs.org/whatwg-url/-/whatwg-url-5.0.0.tgz 2313ms (cache miss)
460 timing reifyNode:node_modules/node-fetch/node_modules/whatwg-url Completed in 2995ms
461 http fetch GET 200 https://registry.npmjs.org/gauge/-/gauge-3.0.2.tgz 2421ms (cache miss)
462 http fetch GET 200 https://registry.npmjs.org/minipass/-/minipass-3.3.6.tgz 2321ms (cache miss)
463 timing reifyNode:node_modules/fs-minipass/node_modules/minipass Completed in 3008ms
464 timing reifyNode:node_modules/gauge Completed in 3005ms
465 http fetch GET 200 https://registry.npmjs.org/semver/-/semver-6.3.1.tgz 2298ms (cache miss)
466 timing reifyNode:node_modules/make-dir/node_modules/semver Completed in 3073ms
467 http fetch GET 200 https://registry.npmjs.org/tr46/-/tr46-0.0.3.tgz 2398ms (cache miss)
468 timing reifyNode:node_modules/node-fetch/node_modules/tr46 Completed in 3081ms
469 http fetch GET 200 https://registry.npmjs.org/minipass/-/minipass-3.3.6.tgz 2408ms (cache miss)
470 timing reifyNode:node_modules/minizlib/node_modules/minipass Completed in 3095ms
471 http fetch GET 200 https://registry.npmjs.org/node-fetch/-/node-fetch-2.7.0.tgz 2595ms (cache miss)
472 timing reifyNode:node_modules/node-fetch Completed in 3186ms
473 http fetch GET 200 https://registry.npmjs.org/readable-stream/-/readable-stream-3.6.2.tgz 2716ms (cache miss)
474 timing reifyNode:node_modules/readable-stream Completed in 3195ms
475 http fetch GET 200 https://registry.npmjs.org/tar/-/tar-6.2.0.tgz 2611ms (cache miss)
476 timing reifyNode:node_modules/tar Completed in 3196ms
477 http fetch GET 200 https://registry.npmjs.org/@mapbox/node-pre-gyp/-/node-pre-gyp-1.0.11.tgz 2614ms (cache miss)
478 timing reifyNode:node_modules/@mapbox/node-pre-gyp Completed in 3285ms
479 http fetch GET 200 https://registry.npmjs.org/semver/-/semver-7.5.4.tgz 2791ms (cache miss)
480 timing reifyNode:node_modules/semver Completed in 3378ms
481 http fetch GET 200 https://registry.npmjs.org/nan/-/nan-2.18.0.tgz 2716ms (cache miss)
482 timing reifyNode:node_modules/nan Completed in 3389ms
483 http fetch GET 200 https://registry.npmjs.org/canvas/-/canvas-2.11.2.tgz 2714ms (cache miss)
484 timing reifyNode:node_modules/canvas Completed in 3399ms
485 timing reify:unpack Completed in 3409ms
486 timing reify:unretire Completed in 1ms
487 timing build:queue Completed in 75ms
488 timing build:link:node_modules/make-dir/node_modules/semver Completed in 5ms
489 timing build:link:node_modules/@mapbox/node-pre-gyp Completed in 7ms
490 timing build:link:node_modules/color-support Completed in 6ms
491 timing build:link:node_modules/mkdirp Completed in 6ms
492 timing build:link:node_modules/nopt Completed in 6ms
493 timing build:link:node_modules/rimraf Completed in 6ms
494 timing build:link:node_modules/semver Completed in 5ms
495 timing build:link Completed in 7ms
496 info run canvas@2.11.2 install node_modules/canvas node-pre-gyp install --fallback-to-build --update-binary
497 info run canvas@2.11.2 install { code: 0, signal: null }
498 timing build:run:install:node_modules/canvas Completed in 9099ms
499 timing build:run:install Completed in 9100ms
500 timing build:deps Completed in 9183ms
501 timing build Completed in 9184ms
502 timing reify:build Completed in 9184ms
503 timing reify:trash Completed in 0ms
504 timing reify:save Completed in 196ms
505 timing reify Completed in 17700ms
506 silly ADD node_modules/mkdirp
507 silly ADD node_modules/minizlib
508 silly ADD node_modules/minizlib/node_modules/minipass
509 silly ADD node_modules/minipass
510 silly ADD node_modules/fs-minipass
511 silly ADD node_modules/fs-minipass/node_modules/minipass
512 silly ADD node_modules/chownr
513 silly ADD node_modules/ansi-regex
514 silly ADD node_modules/is-fullwidth-code-point
515 silly ADD node_modules/emoji-regex
516 silly ADD node_modules/safe-buffer
517 silly ADD node_modules/mimic-response
518 silly ADD node_modules/simple-concat
519 silly ADD node_modules/decompress-response
520 silly ADD node_modules/yallist
521 silly ADD node_modules/lru-cache
522 silly ADD node_modules/concat-map
523 silly ADD node_modules/balanced-match
524 silly ADD node_modules/brace-expansion
525 silly ADD node_modules/wrappy
526 silly ADD node_modules/path-is-absolute
527 silly ADD node_modules/once
528 silly ADD node_modules/minimatch
529 silly ADD node_modules/inflight
530 silly ADD node_modules/fs.realpath
531 silly ADD node_modules/glob
532 silly ADD node_modules/util-deprecate
533 silly ADD node_modules/string_decoder
534 silly ADD node_modules/inherits
535 silly ADD node_modules/wide-align
536 silly ADD node_modules/strip-ansi
537 silly ADD node_modules/string-width
538 silly ADD node_modules/signal-exit
539 silly ADD node_modules/object-assign
540 silly ADD node_modules/has-unicode
541 silly ADD node_modules/color-support
542 silly ADD node_modules/aproba
543 silly ADD node_modules/readable-stream
544 silly ADD node_modules/delegates
545 silly ADD node_modules/set-blocking
546 silly ADD node_modules/gauge
547 silly ADD node_modules/console-control-strings
548 silly ADD node_modules/are-we-there-yet
549 silly ADD node_modules/abbrev
550 silly ADD node_modules/agent-base
551 silly ADD node_modules/tar
552 silly ADD node_modules/semver
553 silly ADD node_modules/rimraf
554 silly ADD node_modules/npmlog
555 silly ADD node_modules/nopt
556 silly ADD node_modules/node-fetch
557 silly ADD node_modules/node-fetch/node_modules/webidl-conversions
558 silly ADD node_modules/node-fetch/node_modules/tr46
559 silly ADD node_modules/node-fetch/node_modules/whatwg-url
560 silly ADD node_modules/make-dir
561 silly ADD node_modules/make-dir/node_modules/semver
562 silly ADD node_modules/https-proxy-agent
563 silly ADD node_modules/detect-libc
564 silly ADD node_modules/simple-get
565 silly ADD node_modules/nan
566 silly ADD node_modules/@mapbox/node-pre-gyp
567 silly ADD node_modules/canvas
568 timing command:i Completed in 17715ms
569 verbose exit 0
570 timing npm Completed in 18499ms
571 info ok
